

Started GET "/assets/rails.png" for 127.0.0.1 at 2013-09-30 18:56:57 -0700
Connecting to database specified by database.yml
Served asset /rails.png - 304 Not Modified (268ms)


Started GET "/movies" for 127.0.0.1 at 2013-09-30 18:57:00 -0700
Processing by MoviesController#index as HTML
Completed 500 Internal Server Error in 2ms

ActiveRecord::StatementInvalid (Could not find table 'movies'):
  app/controllers/movies_controller.rb:10:in `index'


  Rendered /home/saasbook/.rvm/gems/ruby-1.9.3-p448/gems/actionpack-3.2.14/lib/action_dispatch/middleware/templates/rescues/_trace.erb (7.2ms)
  Rendered /home/saasbook/.rvm/gems/ruby-1.9.3-p448/gems/actionpack-3.2.14/lib/action_dispatch/middleware/templates/rescues/_request_and_response.erb (1.9ms)
  Rendered /home/saasbook/.rvm/gems/ruby-1.9.3-p448/gems/actionpack-3.2.14/lib/action_dispatch/middleware/templates/rescues/diagnostics.erb within rescues/layout (209.4ms)
Connecting to database specified by database.yml
Connecting to database specified by database.yml
  [1m[36m (0.2ms)[0m  [1mselect sqlite_version(*)[0m
  [1m[35m (56.2ms)[0m  CREATE TABLE "schema_migrations" ("version" varchar(255) NOT NULL) 
  [1m[36m (37.0ms)[0m  [1mCREATE UNIQUE INDEX "unique_schema_migrations" ON "schema_migrations" ("version")[0m
  [1m[35m (15.7ms)[0m  SELECT "schema_migrations"."version" FROM "schema_migrations" 
Migrating to CreateMovies (20111119180638)
  [1m[36m (0.1ms)[0m  [1mbegin transaction[0m
  [1m[35m (7.9ms)[0m  CREATE TABLE "movies" ("id" INTEGER PRIMARY KEY AUTOINCREMENT NOT NULL, "title" varchar(255), "rating" varchar(255), "description" text, "release_date" datetime, "created_at" datetime NOT NULL, "updated_at" datetime NOT NULL) 
  [1m[36m (1.2ms)[0m  [1mINSERT INTO "schema_migrations" ("version") VALUES ('20111119180638')[0m
  [1m[35m (1.9ms)[0m  commit transaction
  [1m[36m (1.5ms)[0m  [1mSELECT "schema_migrations"."version" FROM "schema_migrations" [0m


Started GET "/movies" for 10.0.2.2 at 2013-10-06 02:33:22 -0700
Connecting to database specified by database.yml
Processing by MoviesController#index as HTML
  [1m[36mMovie Load (0.2ms)[0m  [1mSELECT "movies".* FROM "movies" [0m
  Rendered movies/index.html.haml within layouts/application (7.3ms)
Compiled application.css  (0ms)  (pid 7736)
Compiled jquery.js  (29ms)  (pid 7736)
Compiled jquery_ujs.js  (0ms)  (pid 7736)
Compiled application.js  (46ms)  (pid 7736)
Completed 200 OK in 162ms (Views: 153.7ms | ActiveRecord: 0.2ms)


Started GET "/assets/application.css?body=1" for 10.0.2.2 at 2013-10-06 02:33:23 -0700
Served asset /application.css - 304 Not Modified (2ms)


Started GET "/assets/application.js?body=1" for 10.0.2.2 at 2013-10-06 02:33:23 -0700
Served asset /application.js - 304 Not Modified (7ms)


Started GET "/assets/jquery_ujs.js?body=1" for 10.0.2.2 at 2013-10-06 02:33:23 -0700
Served asset /jquery_ujs.js - 304 Not Modified (1ms)


Started GET "/assets/jquery.js?body=1" for 10.0.2.2 at 2013-10-06 02:33:23 -0700
Served asset /jquery.js - 304 Not Modified (3ms)


Started GET "/movies/new" for 10.0.2.2 at 2013-10-06 02:33:26 -0700
Processing by MoviesController#new as HTML
  Rendered movies/new.html.haml within layouts/application (10.9ms)
Completed 200 OK in 15ms (Views: 14.6ms | ActiveRecord: 0.0ms)


Started GET "/assets/application.css?body=1" for 10.0.2.2 at 2013-10-06 02:33:26 -0700
Served asset /application.css - 304 Not Modified (0ms)


Started GET "/assets/jquery.js?body=1" for 10.0.2.2 at 2013-10-06 02:33:26 -0700
Served asset /jquery.js - 304 Not Modified (1ms)


Started GET "/assets/jquery_ujs.js?body=1" for 10.0.2.2 at 2013-10-06 02:33:26 -0700
Served asset /jquery_ujs.js - 304 Not Modified (0ms)


Started GET "/assets/application.js?body=1" for 10.0.2.2 at 2013-10-06 02:33:26 -0700
Served asset /application.js - 304 Not Modified (1ms)


Started POST "/movies" for 10.0.2.2 at 2013-10-06 02:33:30 -0700
Processing by MoviesController#create as HTML
  Parameters: {"utf8"=>"✓", "authenticity_token"=>"XH7Ywqa+EDQ/OrTRHfmB1ZYaPZXql1Rw9qEGhjYqzTU=", "movie"=>{"title"=>"asdf", "rating"=>"G", "release_date(1i)"=>"2013", "release_date(2i)"=>"10", "release_date(3i)"=>"6"}, "commit"=>"Save Changes"}
  [1m[35m (0.1ms)[0m  begin transaction
  [1m[36mSQL (36.1ms)[0m  [1mINSERT INTO "movies" ("created_at", "description", "rating", "release_date", "title", "updated_at") VALUES (?, ?, ?, ?, ?, ?)[0m  [["created_at", Sun, 06 Oct 2013 09:33:30 UTC +00:00], ["description", nil], ["rating", "G"], ["release_date", Sun, 06 Oct 2013 00:00:00 UTC +00:00], ["title", "asdf"], ["updated_at", Sun, 06 Oct 2013 09:33:30 UTC +00:00]]
  [1m[35m (27.9ms)[0m  commit transaction
Redirected to http://localhost:3021/movies
Completed 302 Found in 71ms (ActiveRecord: 64.0ms)


Started GET "/movies" for 10.0.2.2 at 2013-10-06 02:33:30 -0700
Processing by MoviesController#index as HTML
  [1m[36mMovie Load (0.3ms)[0m  [1mSELECT "movies".* FROM "movies" [0m
  Rendered movies/index.html.haml within layouts/application (1.4ms)
Completed 200 OK in 6ms (Views: 4.5ms | ActiveRecord: 0.3ms)


Started GET "/assets/application.css?body=1" for 10.0.2.2 at 2013-10-06 02:33:30 -0700
Served asset /application.css - 304 Not Modified (0ms)


Started GET "/assets/jquery.js?body=1" for 10.0.2.2 at 2013-10-06 02:33:30 -0700
Served asset /jquery.js - 304 Not Modified (0ms)


Started GET "/assets/application.js?body=1" for 10.0.2.2 at 2013-10-06 02:33:30 -0700
Served asset /application.js - 304 Not Modified (1ms)


Started GET "/assets/jquery_ujs.js?body=1" for 10.0.2.2 at 2013-10-06 02:33:30 -0700
Served asset /jquery_ujs.js - 304 Not Modified (0ms)


Started GET "/movies/1" for 10.0.2.2 at 2013-10-06 02:54:52 -0700
Processing by MoviesController#show as HTML
  Parameters: {"id"=>"1"}
  [1m[35mMovie Load (0.4ms)[0m  SELECT "movies".* FROM "movies" WHERE "movies"."id" = ? LIMIT 1  [["id", "1"]]
  Rendered movies/show.html.haml within layouts/application (3.7ms)
Completed 200 OK in 11ms (Views: 7.5ms | ActiveRecord: 0.4ms)


Started GET "/assets/application.css?body=1" for 10.0.2.2 at 2013-10-06 02:54:52 -0700
Served asset /application.css - 304 Not Modified (0ms)


Started GET "/assets/jquery.js?body=1" for 10.0.2.2 at 2013-10-06 02:54:52 -0700
Served asset /jquery.js - 304 Not Modified (2ms)


Started GET "/assets/jquery_ujs.js?body=1" for 10.0.2.2 at 2013-10-06 02:54:52 -0700
Served asset /jquery_ujs.js - 304 Not Modified (0ms)


Started GET "/assets/application.js?body=1" for 10.0.2.2 at 2013-10-06 02:54:52 -0700
Served asset /application.js - 304 Not Modified (0ms)


Started GET "/movies" for 10.0.2.2 at 2013-10-06 02:54:55 -0700
Processing by MoviesController#index as HTML
  [1m[36mMovie Load (0.3ms)[0m  [1mSELECT "movies".* FROM "movies" [0m
  Rendered movies/index.html.haml within layouts/application (1.3ms)
Completed 200 OK in 10ms (Views: 6.8ms | ActiveRecord: 0.3ms)


Started GET "/assets/application.css?body=1" for 10.0.2.2 at 2013-10-06 02:54:55 -0700
Served asset /application.css - 304 Not Modified (0ms)


Started GET "/assets/application.js?body=1" for 10.0.2.2 at 2013-10-06 02:54:56 -0700
Served asset /application.js - 304 Not Modified (1ms)


Started GET "/assets/jquery_ujs.js?body=1" for 10.0.2.2 at 2013-10-06 02:54:56 -0700
Served asset /jquery_ujs.js - 304 Not Modified (0ms)


Started GET "/assets/jquery.js?body=1" for 10.0.2.2 at 2013-10-06 02:54:56 -0700
Served asset /jquery.js - 304 Not Modified (0ms)
Connecting to database specified by database.yml


Started GET "/movies" for 10.0.2.2 at 2013-10-06 03:13:22 -0700
Processing by MoviesController#index as HTML
  [1m[35mMovie Load (0.4ms)[0m  SELECT "movies".* FROM "movies" 
  Rendered movies/index.html.haml within layouts/application (3.5ms)
Completed 200 OK in 17ms (Views: 7.7ms | ActiveRecord: 0.4ms)


Started GET "/assets/application.css?body=1" for 10.0.2.2 at 2013-10-06 03:13:22 -0700
Served asset /application.css - 304 Not Modified (0ms)


Started GET "/assets/jquery.js?body=1" for 10.0.2.2 at 2013-10-06 03:13:22 -0700
Served asset /jquery.js - 304 Not Modified (0ms)


Started GET "/assets/jquery_ujs.js?body=1" for 10.0.2.2 at 2013-10-06 03:13:22 -0700
Served asset /jquery_ujs.js - 304 Not Modified (0ms)


Started GET "/assets/application.js?body=1" for 10.0.2.2 at 2013-10-06 03:13:22 -0700
Served asset /application.js - 304 Not Modified (1ms)


Started GET "/movies" for 10.0.2.2 at 2013-10-06 03:13:23 -0700
Processing by MoviesController#index as HTML
  [1m[36mMovie Load (0.2ms)[0m  [1mSELECT "movies".* FROM "movies" [0m
  Rendered movies/index.html.haml within layouts/application (1.2ms)
Completed 200 OK in 7ms (Views: 5.8ms | ActiveRecord: 0.2ms)


Started GET "/assets/application.css?body=1" for 10.0.2.2 at 2013-10-06 03:13:23 -0700
Served asset /application.css - 304 Not Modified (0ms)


Started GET "/assets/jquery.js?body=1" for 10.0.2.2 at 2013-10-06 03:13:23 -0700
Served asset /jquery.js - 304 Not Modified (2ms)


Started GET "/assets/jquery_ujs.js?body=1" for 10.0.2.2 at 2013-10-06 03:13:23 -0700
Served asset /jquery_ujs.js - 304 Not Modified (0ms)


Started GET "/assets/application.js?body=1" for 10.0.2.2 at 2013-10-06 03:13:23 -0700
Served asset /application.js - 304 Not Modified (1ms)


Started GET "/movies" for 10.0.2.2 at 2013-10-06 03:14:14 -0700
Processing by MoviesController#index as HTML
  [1m[35mMovie Load (0.3ms)[0m  SELECT "movies".* FROM "movies" 
  Rendered movies/index.html.haml within layouts/application (36.5ms)
Completed 200 OK in 42ms (Views: 40.7ms | ActiveRecord: 0.3ms)


Started GET "/assets/application.css?body=1" for 10.0.2.2 at 2013-10-06 03:14:15 -0700
Served asset /application.css - 304 Not Modified (0ms)


Started GET "/assets/jquery.js?body=1" for 10.0.2.2 at 2013-10-06 03:14:15 -0700
Served asset /jquery.js - 304 Not Modified (1ms)


Started GET "/assets/jquery_ujs.js?body=1" for 10.0.2.2 at 2013-10-06 03:14:15 -0700
Served asset /jquery_ujs.js - 304 Not Modified (0ms)


Started GET "/assets/application.js?body=1" for 10.0.2.2 at 2013-10-06 03:14:15 -0700
Served asset /application.js - 304 Not Modified (1ms)


Started GET "/movies?sort=title" for 10.0.2.2 at 2013-10-06 03:14:16 -0700
Processing by MoviesController#index as HTML
  Parameters: {"sort"=>"title"}
  [1m[36mMovie Load (0.3ms)[0m  [1mSELECT "movies".* FROM "movies" [0m
  Rendered movies/index.html.haml within layouts/application (2.4ms)
Completed 200 OK in 9ms (Views: 6.9ms | ActiveRecord: 0.3ms)


Started GET "/assets/application.css?body=1" for 10.0.2.2 at 2013-10-06 03:14:16 -0700
Served asset /application.css - 304 Not Modified (0ms)


Started GET "/assets/jquery.js?body=1" for 10.0.2.2 at 2013-10-06 03:14:16 -0700
Served asset /jquery.js - 304 Not Modified (2ms)


Started GET "/assets/jquery_ujs.js?body=1" for 10.0.2.2 at 2013-10-06 03:14:16 -0700
Served asset /jquery_ujs.js - 304 Not Modified (0ms)


Started GET "/assets/application.js?body=1" for 10.0.2.2 at 2013-10-06 03:14:16 -0700
Served asset /application.js - 304 Not Modified (1ms)


Started GET "/movies?sort=title" for 10.0.2.2 at 2013-10-06 03:14:18 -0700
Processing by MoviesController#index as HTML
  Parameters: {"sort"=>"title"}
  [1m[35mMovie Load (0.2ms)[0m  SELECT "movies".* FROM "movies" 
  Rendered movies/index.html.haml within layouts/application (2.0ms)
Completed 200 OK in 7ms (Views: 5.7ms | ActiveRecord: 0.2ms)


Started GET "/assets/application.css?body=1" for 10.0.2.2 at 2013-10-06 03:14:18 -0700
Served asset /application.css - 304 Not Modified (0ms)


Started GET "/assets/jquery.js?body=1" for 10.0.2.2 at 2013-10-06 03:14:18 -0700
Served asset /jquery.js - 304 Not Modified (2ms)


Started GET "/assets/application.js?body=1" for 10.0.2.2 at 2013-10-06 03:14:18 -0700
Served asset /application.js - 304 Not Modified (1ms)


Started GET "/assets/jquery_ujs.js?body=1" for 10.0.2.2 at 2013-10-06 03:14:18 -0700
Served asset /jquery_ujs.js - 304 Not Modified (0ms)


Started GET "/movies?sort=title" for 10.0.2.2 at 2013-10-06 03:15:54 -0700
Processing by MoviesController#index as HTML
  Parameters: {"sort"=>"title"}
  [1m[36mMovie Load (0.3ms)[0m  [1mSELECT "movies".* FROM "movies" [0m
Completed 500 Internal Server Error in 13ms

NoMethodError (undefined method `order' for #<Array:0xb06dbe0>):
  app/controllers/movies_controller.rb:11:in `index'


  Rendered /home/saasbook/.rvm/gems/ruby-1.9.3-p448/gems/actionpack-3.2.14/lib/action_dispatch/middleware/templates/rescues/_trace.erb (1.5ms)
  Rendered /home/saasbook/.rvm/gems/ruby-1.9.3-p448/gems/actionpack-3.2.14/lib/action_dispatch/middleware/templates/rescues/_request_and_response.erb (1.0ms)
  Rendered /home/saasbook/.rvm/gems/ruby-1.9.3-p448/gems/actionpack-3.2.14/lib/action_dispatch/middleware/templates/rescues/diagnostics.erb within rescues/layout (11.8ms)


Started GET "/movies?sort=title" for 10.0.2.2 at 2013-10-06 03:17:43 -0700
Processing by MoviesController#index as HTML
  Parameters: {"sort"=>"title"}
  [1m[35mMovie Load (0.2ms)[0m  SELECT "movies".* FROM "movies" 
  [1m[36mMovie Load (0.3ms)[0m  [1mSELECT "movies".* FROM "movies" ORDER BY title[0m
  Rendered movies/index.html.haml within layouts/application (1.5ms)
Completed 200 OK in 15ms (Views: 4.8ms | ActiveRecord: 0.4ms)


Started GET "/assets/application.css?body=1" for 10.0.2.2 at 2013-10-06 03:17:43 -0700
Served asset /application.css - 304 Not Modified (0ms)


Started GET "/assets/jquery.js?body=1" for 10.0.2.2 at 2013-10-06 03:17:43 -0700
Served asset /jquery.js - 304 Not Modified (1ms)


Started GET "/assets/application.js?body=1" for 10.0.2.2 at 2013-10-06 03:17:43 -0700
Served asset /application.js - 304 Not Modified (1ms)


Started GET "/assets/jquery_ujs.js?body=1" for 10.0.2.2 at 2013-10-06 03:17:43 -0700
Served asset /jquery_ujs.js - 304 Not Modified (0ms)


Started GET "/movies?sort=title" for 10.0.2.2 at 2013-10-06 03:17:47 -0700
Processing by MoviesController#index as HTML
  Parameters: {"sort"=>"title"}
  [1m[35mMovie Load (0.3ms)[0m  SELECT "movies".* FROM "movies" 
  [1m[36mMovie Load (0.2ms)[0m  [1mSELECT "movies".* FROM "movies" ORDER BY title[0m
  Rendered movies/index.html.haml within layouts/application (1.4ms)
Completed 200 OK in 8ms (Views: 5.3ms | ActiveRecord: 0.6ms)


Started GET "/assets/jquery.js?body=1" for 10.0.2.2 at 2013-10-06 03:17:47 -0700
Served asset /jquery.js - 304 Not Modified (1ms)


Started GET "/assets/application.css?body=1" for 10.0.2.2 at 2013-10-06 03:17:47 -0700
Served asset /application.css - 304 Not Modified (0ms)


Started GET "/assets/application.js?body=1" for 10.0.2.2 at 2013-10-06 03:17:47 -0700
Served asset /application.js - 304 Not Modified (4ms)


Started GET "/assets/jquery_ujs.js?body=1" for 10.0.2.2 at 2013-10-06 03:17:47 -0700
Served asset /jquery_ujs.js - 304 Not Modified (0ms)


Started GET "/movies?sort=title" for 10.0.2.2 at 2013-10-06 03:17:47 -0700
Processing by MoviesController#index as HTML
  Parameters: {"sort"=>"title"}
  [1m[35mMovie Load (0.2ms)[0m  SELECT "movies".* FROM "movies" 
  [1m[36mMovie Load (0.1ms)[0m  [1mSELECT "movies".* FROM "movies" ORDER BY title[0m
  Rendered movies/index.html.haml within layouts/application (1.3ms)
Completed 200 OK in 8ms (Views: 5.8ms | ActiveRecord: 0.3ms)


Started GET "/assets/application.css?body=1" for 10.0.2.2 at 2013-10-06 03:17:47 -0700
Served asset /application.css - 304 Not Modified (0ms)


Started GET "/assets/application.js?body=1" for 10.0.2.2 at 2013-10-06 03:17:47 -0700
Served asset /application.js - 304 Not Modified (1ms)


Started GET "/assets/jquery_ujs.js?body=1" for 10.0.2.2 at 2013-10-06 03:17:47 -0700
Served asset /jquery_ujs.js - 304 Not Modified (0ms)


Started GET "/assets/jquery.js?body=1" for 10.0.2.2 at 2013-10-06 03:17:47 -0700
Served asset /jquery.js - 304 Not Modified (0ms)


Started GET "/movies" for 10.0.2.2 at 2013-10-06 03:17:52 -0700
Processing by MoviesController#index as HTML
  [1m[35mMovie Load (0.2ms)[0m  SELECT "movies".* FROM "movies" 
  Rendered movies/index.html.haml within layouts/application (2.3ms)
Completed 200 OK in 8ms (Views: 6.6ms | ActiveRecord: 0.2ms)


Started GET "/assets/application.css?body=1" for 10.0.2.2 at 2013-10-06 03:17:52 -0700
Served asset /application.css - 304 Not Modified (0ms)


Started GET "/assets/jquery.js?body=1" for 10.0.2.2 at 2013-10-06 03:17:52 -0700
Served asset /jquery.js - 304 Not Modified (2ms)


Started GET "/assets/application.js?body=1" for 10.0.2.2 at 2013-10-06 03:17:52 -0700
Served asset /application.js - 304 Not Modified (1ms)


Started GET "/assets/jquery_ujs.js?body=1" for 10.0.2.2 at 2013-10-06 03:17:52 -0700
Served asset /jquery_ujs.js - 304 Not Modified (1ms)


Started GET "/movies/new" for 10.0.2.2 at 2013-10-06 03:18:42 -0700
Processing by MoviesController#new as HTML
  Rendered movies/new.html.haml within layouts/application (4.6ms)
Completed 200 OK in 9ms (Views: 8.6ms | ActiveRecord: 0.0ms)


Started GET "/assets/application.css?body=1" for 10.0.2.2 at 2013-10-06 03:18:43 -0700
Served asset /application.css - 304 Not Modified (0ms)


Started GET "/assets/application.js?body=1" for 10.0.2.2 at 2013-10-06 03:18:43 -0700
Served asset /application.js - 304 Not Modified (0ms)


Started GET "/assets/jquery_ujs.js?body=1" for 10.0.2.2 at 2013-10-06 03:18:43 -0700
Served asset /jquery_ujs.js - 304 Not Modified (0ms)


Started GET "/assets/jquery.js?body=1" for 10.0.2.2 at 2013-10-06 03:18:43 -0700
Served asset /jquery.js - 304 Not Modified (0ms)


Started POST "/movies" for 10.0.2.2 at 2013-10-06 03:18:45 -0700
Processing by MoviesController#create as HTML
  Parameters: {"utf8"=>"✓", "authenticity_token"=>"XH7Ywqa+EDQ/OrTRHfmB1ZYaPZXql1Rw9qEGhjYqzTU=", "movie"=>{"title"=>"zzzz", "rating"=>"G", "release_date(1i)"=>"2013", "release_date(2i)"=>"10", "release_date(3i)"=>"6"}, "commit"=>"Save Changes"}
  [1m[36m (0.1ms)[0m  [1mbegin transaction[0m
  [1m[35mSQL (1.2ms)[0m  INSERT INTO "movies" ("created_at", "description", "rating", "release_date", "title", "updated_at") VALUES (?, ?, ?, ?, ?, ?)  [["created_at", Sun, 06 Oct 2013 10:18:45 UTC +00:00], ["description", nil], ["rating", "G"], ["release_date", Sun, 06 Oct 2013 00:00:00 UTC +00:00], ["title", "zzzz"], ["updated_at", Sun, 06 Oct 2013 10:18:45 UTC +00:00]]
  [1m[36m (39.1ms)[0m  [1mcommit transaction[0m
Redirected to http://localhost:3021/movies
Completed 302 Found in 46ms (ActiveRecord: 40.5ms)


Started GET "/movies" for 10.0.2.2 at 2013-10-06 03:18:46 -0700
Processing by MoviesController#index as HTML
  [1m[35mMovie Load (0.3ms)[0m  SELECT "movies".* FROM "movies" 
  Rendered movies/index.html.haml within layouts/application (5.4ms)
Completed 200 OK in 14ms (Views: 11.0ms | ActiveRecord: 0.3ms)


Started GET "/assets/application.css?body=1" for 10.0.2.2 at 2013-10-06 03:18:46 -0700
Served asset /application.css - 304 Not Modified (0ms)


Started GET "/assets/jquery.js?body=1" for 10.0.2.2 at 2013-10-06 03:18:46 -0700
Served asset /jquery.js - 304 Not Modified (0ms)


Started GET "/assets/jquery_ujs.js?body=1" for 10.0.2.2 at 2013-10-06 03:18:46 -0700
Served asset /jquery_ujs.js - 304 Not Modified (0ms)


Started GET "/assets/application.js?body=1" for 10.0.2.2 at 2013-10-06 03:18:46 -0700
Served asset /application.js - 304 Not Modified (1ms)


Started GET "/movies?sort=title" for 10.0.2.2 at 2013-10-06 03:18:48 -0700
Processing by MoviesController#index as HTML
  Parameters: {"sort"=>"title"}
  [1m[36mMovie Load (0.2ms)[0m  [1mSELECT "movies".* FROM "movies" [0m
  [1m[35mMovie Load (0.2ms)[0m  SELECT "movies".* FROM "movies" ORDER BY title
  Rendered movies/index.html.haml within layouts/application (3.0ms)
Completed 200 OK in 9ms (Views: 6.7ms | ActiveRecord: 0.4ms)


Started GET "/assets/application.css?body=1" for 10.0.2.2 at 2013-10-06 03:18:48 -0700
Served asset /application.css - 304 Not Modified (0ms)


Started GET "/assets/application.js?body=1" for 10.0.2.2 at 2013-10-06 03:18:48 -0700
Served asset /application.js - 304 Not Modified (0ms)


Started GET "/assets/jquery_ujs.js?body=1" for 10.0.2.2 at 2013-10-06 03:18:48 -0700
Served asset /jquery_ujs.js - 304 Not Modified (0ms)


Started GET "/assets/jquery.js?body=1" for 10.0.2.2 at 2013-10-06 03:18:48 -0700
Served asset /jquery.js - 304 Not Modified (0ms)


Started GET "/movies?sort=title" for 10.0.2.2 at 2013-10-06 03:18:50 -0700
Processing by MoviesController#index as HTML
  Parameters: {"sort"=>"title"}
  [1m[36mMovie Load (0.2ms)[0m  [1mSELECT "movies".* FROM "movies" [0m
  [1m[35mMovie Load (0.1ms)[0m  SELECT "movies".* FROM "movies" ORDER BY title
  Rendered movies/index.html.haml within layouts/application (3.0ms)
Completed 200 OK in 9ms (Views: 7.4ms | ActiveRecord: 0.4ms)


Started GET "/assets/jquery.js?body=1" for 10.0.2.2 at 2013-10-06 03:18:50 -0700
Served asset /jquery.js - 304 Not Modified (0ms)


Started GET "/assets/application.css?body=1" for 10.0.2.2 at 2013-10-06 03:18:50 -0700
Served asset /application.css - 304 Not Modified (0ms)


Started GET "/assets/application.js?body=1" for 10.0.2.2 at 2013-10-06 03:18:50 -0700
Served asset /application.js - 304 Not Modified (3ms)


Started GET "/assets/jquery_ujs.js?body=1" for 10.0.2.2 at 2013-10-06 03:18:50 -0700
Served asset /jquery_ujs.js - 304 Not Modified (0ms)


Started GET "/movies?sort=title" for 10.0.2.2 at 2013-10-06 03:22:06 -0700
Processing by MoviesController#index as HTML
  Parameters: {"sort"=>"title"}
  [1m[36mMovie Load (0.3ms)[0m  [1mSELECT "movies".* FROM "movies" [0m
  Rendered movies/index.html.haml within layouts/application (1.6ms)
Completed 200 OK in 17ms (Views: 6.3ms | ActiveRecord: 0.3ms)


Started GET "/assets/application.css?body=1" for 10.0.2.2 at 2013-10-06 03:22:07 -0700
Served asset /application.css - 304 Not Modified (0ms)


Started GET "/assets/jquery.js?body=1" for 10.0.2.2 at 2013-10-06 03:22:07 -0700
Served asset /jquery.js - 304 Not Modified (1ms)


Started GET "/assets/jquery_ujs.js?body=1" for 10.0.2.2 at 2013-10-06 03:22:07 -0700
Served asset /jquery_ujs.js - 304 Not Modified (0ms)


Started GET "/assets/application.js?body=1" for 10.0.2.2 at 2013-10-06 03:22:07 -0700
Served asset /application.js - 304 Not Modified (1ms)


Started GET "/movies?sort=title" for 10.0.2.2 at 2013-10-06 03:22:08 -0700
Processing by MoviesController#index as HTML
  Parameters: {"sort"=>"title"}
  [1m[35mMovie Load (0.2ms)[0m  SELECT "movies".* FROM "movies" 
  Rendered movies/index.html.haml within layouts/application (2.7ms)
Completed 200 OK in 9ms (Views: 7.0ms | ActiveRecord: 0.2ms)


Started GET "/assets/application.css?body=1" for 10.0.2.2 at 2013-10-06 03:22:08 -0700
Served asset /application.css - 304 Not Modified (0ms)


Started GET "/assets/jquery.js?body=1" for 10.0.2.2 at 2013-10-06 03:22:08 -0700
Served asset /jquery.js - 304 Not Modified (0ms)


Started GET "/assets/application.js?body=1" for 10.0.2.2 at 2013-10-06 03:22:08 -0700
Served asset /application.js - 304 Not Modified (2ms)


Started GET "/assets/jquery_ujs.js?body=1" for 10.0.2.2 at 2013-10-06 03:22:08 -0700
Served asset /jquery_ujs.js - 304 Not Modified (0ms)


Started GET "/movies?sort=title" for 10.0.2.2 at 2013-10-06 03:22:08 -0700
Processing by MoviesController#index as HTML
  Parameters: {"sort"=>"title"}
  [1m[36mMovie Load (0.3ms)[0m  [1mSELECT "movies".* FROM "movies" [0m
  Rendered movies/index.html.haml within layouts/application (2.7ms)
Completed 200 OK in 9ms (Views: 7.6ms | ActiveRecord: 0.3ms)


Started GET "/assets/jquery.js?body=1" for 10.0.2.2 at 2013-10-06 03:22:09 -0700
Served asset /jquery.js - 304 Not Modified (1ms)


Started GET "/assets/application.css?body=1" for 10.0.2.2 at 2013-10-06 03:22:09 -0700
Served asset /application.css - 304 Not Modified (0ms)


Started GET "/assets/application.js?body=1" for 10.0.2.2 at 2013-10-06 03:22:09 -0700
Served asset /application.js - 304 Not Modified (1ms)


Started GET "/assets/jquery_ujs.js?body=1" for 10.0.2.2 at 2013-10-06 03:22:09 -0700
Served asset /jquery_ujs.js - 304 Not Modified (0ms)


Started GET "/movies?sort=title" for 10.0.2.2 at 2013-10-06 03:22:09 -0700
Processing by MoviesController#index as HTML
  Parameters: {"sort"=>"title"}
  [1m[35mMovie Load (0.2ms)[0m  SELECT "movies".* FROM "movies" 
  Rendered movies/index.html.haml within layouts/application (1.6ms)
Completed 200 OK in 6ms (Views: 4.8ms | ActiveRecord: 0.2ms)


Started GET "/assets/application.css?body=1" for 10.0.2.2 at 2013-10-06 03:22:09 -0700
Served asset /application.css - 304 Not Modified (0ms)


Started GET "/assets/jquery.js?body=1" for 10.0.2.2 at 2013-10-06 03:22:09 -0700
Served asset /jquery.js - 304 Not Modified (1ms)


Started GET "/assets/application.js?body=1" for 10.0.2.2 at 2013-10-06 03:22:09 -0700
Served asset /application.js - 304 Not Modified (1ms)


Started GET "/assets/jquery_ujs.js?body=1" for 10.0.2.2 at 2013-10-06 03:22:09 -0700
Served asset /jquery_ujs.js - 304 Not Modified (0ms)


Started GET "/movies" for 10.0.2.2 at 2013-10-06 03:22:11 -0700
Processing by MoviesController#index as HTML
  [1m[36mMovie Load (0.2ms)[0m  [1mSELECT "movies".* FROM "movies" [0m
  Rendered movies/index.html.haml within layouts/application (1.7ms)
Completed 200 OK in 7ms (Views: 5.2ms | ActiveRecord: 0.2ms)


Started GET "/assets/application.css?body=1" for 10.0.2.2 at 2013-10-06 03:22:11 -0700
Served asset /application.css - 304 Not Modified (0ms)


Started GET "/assets/application.js?body=1" for 10.0.2.2 at 2013-10-06 03:22:11 -0700
Served asset /application.js - 304 Not Modified (7ms)


Started GET "/assets/jquery_ujs.js?body=1" for 10.0.2.2 at 2013-10-06 03:22:11 -0700
Served asset /jquery_ujs.js - 304 Not Modified (0ms)


Started GET "/assets/jquery.js?body=1" for 10.0.2.2 at 2013-10-06 03:22:11 -0700
Served asset /jquery.js - 304 Not Modified (0ms)


Started GET "/movies?sort=title" for 10.0.2.2 at 2013-10-06 03:22:13 -0700
Processing by MoviesController#index as HTML
  Parameters: {"sort"=>"title"}
  [1m[35mMovie Load (0.4ms)[0m  SELECT "movies".* FROM "movies" 
  Rendered movies/index.html.haml within layouts/application (1.8ms)
Completed 200 OK in 9ms (Views: 6.9ms | ActiveRecord: 0.4ms)


Started GET "/assets/application.css?body=1" for 10.0.2.2 at 2013-10-06 03:22:13 -0700
Served asset /application.css - 304 Not Modified (0ms)


Started GET "/assets/jquery.js?body=1" for 10.0.2.2 at 2013-10-06 03:22:13 -0700
Served asset /jquery.js - 304 Not Modified (0ms)


Started GET "/assets/application.js?body=1" for 10.0.2.2 at 2013-10-06 03:22:13 -0700
Served asset /application.js - 304 Not Modified (2ms)


Started GET "/assets/jquery_ujs.js?body=1" for 10.0.2.2 at 2013-10-06 03:22:13 -0700
Served asset /jquery_ujs.js - 304 Not Modified (0ms)


Started GET "/movies?sort=title" for 10.0.2.2 at 2013-10-06 03:22:48 -0700
Processing by MoviesController#index as HTML
  Parameters: {"sort"=>"title"}
  [1m[36mMovie Load (0.3ms)[0m  [1mSELECT "movies".* FROM "movies" [0m
  [1m[35mMovie Load (0.3ms)[0m  SELECT "movies".* FROM "movies" ORDER BY title
  Rendered movies/index.html.haml within layouts/application (1.6ms)
Completed 200 OK in 16ms (Views: 5.1ms | ActiveRecord: 0.6ms)


Started GET "/assets/application.css?body=1" for 10.0.2.2 at 2013-10-06 03:22:48 -0700
Served asset /application.css - 304 Not Modified (0ms)


Started GET "/assets/jquery.js?body=1" for 10.0.2.2 at 2013-10-06 03:22:48 -0700
Served asset /jquery.js - 304 Not Modified (0ms)


Started GET "/assets/application.js?body=1" for 10.0.2.2 at 2013-10-06 03:22:48 -0700
Served asset /application.js - 304 Not Modified (1ms)


Started GET "/assets/jquery_ujs.js?body=1" for 10.0.2.2 at 2013-10-06 03:22:48 -0700
Served asset /jquery_ujs.js - 304 Not Modified (0ms)


Started GET "/movies?sort=title" for 10.0.2.2 at 2013-10-06 03:22:49 -0700
Processing by MoviesController#index as HTML
  Parameters: {"sort"=>"title"}
  [1m[36mMovie Load (0.3ms)[0m  [1mSELECT "movies".* FROM "movies" [0m
  [1m[35mMovie Load (0.2ms)[0m  SELECT "movies".* FROM "movies" ORDER BY title
  Rendered movies/index.html.haml within layouts/application (2.7ms)
Completed 200 OK in 10ms (Views: 8.0ms | ActiveRecord: 0.4ms)


Started GET "/assets/application.css?body=1" for 10.0.2.2 at 2013-10-06 03:22:49 -0700
Served asset /application.css - 304 Not Modified (0ms)


Started GET "/assets/jquery.js?body=1" for 10.0.2.2 at 2013-10-06 03:22:49 -0700
Served asset /jquery.js - 304 Not Modified (1ms)


Started GET "/assets/application.js?body=1" for 10.0.2.2 at 2013-10-06 03:22:49 -0700
Served asset /application.js - 304 Not Modified (1ms)


Started GET "/assets/jquery_ujs.js?body=1" for 10.0.2.2 at 2013-10-06 03:22:49 -0700
Served asset /jquery_ujs.js - 304 Not Modified (0ms)


Started GET "/movies?sort=title" for 10.0.2.2 at 2013-10-06 03:28:10 -0700
Processing by MoviesController#index as HTML
  Parameters: {"sort"=>"title"}
  [1m[36mMovie Load (0.3ms)[0m  [1mSELECT "movies".* FROM "movies" [0m
Completed 500 Internal Server Error in 8ms

ArgumentError (wrong number of arguments (2 for 0..1)):
  app/controllers/movies_controller.rb:11:in `find'
  app/controllers/movies_controller.rb:11:in `index'


  Rendered /home/saasbook/.rvm/gems/ruby-1.9.3-p448/gems/actionpack-3.2.14/lib/action_dispatch/middleware/templates/rescues/_trace.erb (1.4ms)
  Rendered /home/saasbook/.rvm/gems/ruby-1.9.3-p448/gems/actionpack-3.2.14/lib/action_dispatch/middleware/templates/rescues/_request_and_response.erb (1.2ms)
  Rendered /home/saasbook/.rvm/gems/ruby-1.9.3-p448/gems/actionpack-3.2.14/lib/action_dispatch/middleware/templates/rescues/diagnostics.erb within rescues/layout (11.0ms)


Started GET "/movies?sort=title" for 10.0.2.2 at 2013-10-06 03:32:56 -0700
Processing by MoviesController#index as HTML
  Parameters: {"sort"=>"title"}
  [1m[35mMovie Load (0.3ms)[0m  SELECT "movies".* FROM "movies" 
  Rendered movies/index.html.haml within layouts/application (1.5ms)
Completed 200 OK in 16ms (Views: 6.0ms | ActiveRecord: 0.3ms)


Started GET "/assets/application.css?body=1" for 10.0.2.2 at 2013-10-06 03:32:56 -0700
Served asset /application.css - 304 Not Modified (0ms)


Started GET "/assets/application.js?body=1" for 10.0.2.2 at 2013-10-06 03:32:56 -0700
Served asset /application.js - 304 Not Modified (2ms)


Started GET "/assets/jquery_ujs.js?body=1" for 10.0.2.2 at 2013-10-06 03:32:56 -0700
Served asset /jquery_ujs.js - 304 Not Modified (0ms)


Started GET "/assets/jquery.js?body=1" for 10.0.2.2 at 2013-10-06 03:32:56 -0700
Served asset /jquery.js - 304 Not Modified (0ms)


Started GET "/movies?sort=title" for 10.0.2.2 at 2013-10-06 03:32:58 -0700
Processing by MoviesController#index as HTML
  Parameters: {"sort"=>"title"}
  [1m[36mMovie Load (0.3ms)[0m  [1mSELECT "movies".* FROM "movies" [0m
  Rendered movies/index.html.haml within layouts/application (1.7ms)
Completed 200 OK in 6ms (Views: 5.0ms | ActiveRecord: 0.3ms)


Started GET "/assets/application.css?body=1" for 10.0.2.2 at 2013-10-06 03:32:58 -0700
Served asset /application.css - 304 Not Modified (0ms)


Started GET "/assets/application.js?body=1" for 10.0.2.2 at 2013-10-06 03:32:58 -0700
Served asset /application.js - 304 Not Modified (1ms)


Started GET "/assets/jquery_ujs.js?body=1" for 10.0.2.2 at 2013-10-06 03:32:58 -0700
Served asset /jquery_ujs.js - 304 Not Modified (0ms)


Started GET "/assets/jquery.js?body=1" for 10.0.2.2 at 2013-10-06 03:32:58 -0700
Served asset /jquery.js - 304 Not Modified (0ms)


Started GET "/movies" for 10.0.2.2 at 2013-10-06 03:33:02 -0700
Processing by MoviesController#index as HTML
  [1m[35mMovie Load (0.2ms)[0m  SELECT "movies".* FROM "movies" 
  Rendered movies/index.html.haml within layouts/application (2.9ms)
Completed 200 OK in 9ms (Views: 8.1ms | ActiveRecord: 0.2ms)


Started GET "/assets/application.css?body=1" for 10.0.2.2 at 2013-10-06 03:33:02 -0700
Served asset /application.css - 304 Not Modified (0ms)


Started GET "/assets/application.js?body=1" for 10.0.2.2 at 2013-10-06 03:33:02 -0700
Served asset /application.js - 304 Not Modified (1ms)


Started GET "/assets/jquery_ujs.js?body=1" for 10.0.2.2 at 2013-10-06 03:33:02 -0700
Served asset /jquery_ujs.js - 304 Not Modified (0ms)


Started GET "/assets/jquery.js?body=1" for 10.0.2.2 at 2013-10-06 03:33:02 -0700
Served asset /jquery.js - 304 Not Modified (1ms)


Started GET "/movies" for 10.0.2.2 at 2013-10-06 03:33:34 -0700
Processing by MoviesController#index as HTML
  [1m[36mMovie Load (1.2ms)[0m  [1mSELECT "movies".* FROM "movies" [0m
  Rendered movies/index.html.haml within layouts/application (1.8ms)
Completed 200 OK in 16ms (Views: 6.4ms | ActiveRecord: 1.2ms)


Started GET "/assets/jquery.js?body=1" for 10.0.2.2 at 2013-10-06 03:33:34 -0700
Served asset /jquery.js - 304 Not Modified (0ms)


Started GET "/assets/application.css?body=1" for 10.0.2.2 at 2013-10-06 03:33:34 -0700
Served asset /application.css - 304 Not Modified (0ms)


Started GET "/assets/application.js?body=1" for 10.0.2.2 at 2013-10-06 03:33:34 -0700
Served asset /application.js - 304 Not Modified (1ms)


Started GET "/assets/jquery_ujs.js?body=1" for 10.0.2.2 at 2013-10-06 03:33:34 -0700
Served asset /jquery_ujs.js - 304 Not Modified (0ms)


Started GET "/movies?sort=title" for 10.0.2.2 at 2013-10-06 03:33:36 -0700
Processing by MoviesController#index as HTML
  Parameters: {"sort"=>"title"}
  [1m[35mMovie Load (0.2ms)[0m  SELECT "movies".* FROM "movies" 
  Rendered movies/index.html.haml within layouts/application (1.6ms)
Completed 200 OK in 8ms (Views: 6.0ms | ActiveRecord: 0.2ms)


Started GET "/assets/jquery.js?body=1" for 10.0.2.2 at 2013-10-06 03:33:36 -0700
Served asset /jquery.js - 304 Not Modified (4ms)


Started GET "/assets/application.css?body=1" for 10.0.2.2 at 2013-10-06 03:33:36 -0700
Served asset /application.css - 304 Not Modified (0ms)


Started GET "/assets/application.js?body=1" for 10.0.2.2 at 2013-10-06 03:33:36 -0700
Served asset /application.js - 304 Not Modified (1ms)


Started GET "/assets/jquery_ujs.js?body=1" for 10.0.2.2 at 2013-10-06 03:33:36 -0700
Served asset /jquery_ujs.js - 304 Not Modified (0ms)


Started GET "/movies?sort=title" for 10.0.2.2 at 2013-10-06 03:34:23 -0700
Processing by MoviesController#index as HTML
  Parameters: {"sort"=>"title"}
  [1m[36mMovie Load (0.3ms)[0m  [1mSELECT "movies".* FROM "movies" [0m
  Rendered movies/index.html.haml within layouts/application (1.8ms)
Completed 200 OK in 18ms (Views: 5.6ms | ActiveRecord: 0.3ms)


Started GET "/assets/application.css?body=1" for 10.0.2.2 at 2013-10-06 03:34:23 -0700
Served asset /application.css - 304 Not Modified (0ms)


Started GET "/assets/application.js?body=1" for 10.0.2.2 at 2013-10-06 03:34:23 -0700
Served asset /application.js - 304 Not Modified (3ms)


Started GET "/assets/jquery_ujs.js?body=1" for 10.0.2.2 at 2013-10-06 03:34:23 -0700
Served asset /jquery_ujs.js - 304 Not Modified (0ms)


Started GET "/assets/jquery.js?body=1" for 10.0.2.2 at 2013-10-06 03:34:23 -0700
Served asset /jquery.js - 304 Not Modified (0ms)


Started GET "/movies?sort=title" for 10.0.2.2 at 2013-10-06 03:34:24 -0700
Processing by MoviesController#index as HTML
  Parameters: {"sort"=>"title"}
  [1m[35mMovie Load (0.2ms)[0m  SELECT "movies".* FROM "movies" 
  Rendered movies/index.html.haml within layouts/application (2.2ms)
Completed 200 OK in 7ms (Views: 5.5ms | ActiveRecord: 0.2ms)


Started GET "/assets/application.css?body=1" for 10.0.2.2 at 2013-10-06 03:34:24 -0700
Served asset /application.css - 304 Not Modified (0ms)


Started GET "/assets/application.js?body=1" for 10.0.2.2 at 2013-10-06 03:34:24 -0700
Served asset /application.js - 304 Not Modified (1ms)


Started GET "/assets/jquery_ujs.js?body=1" for 10.0.2.2 at 2013-10-06 03:34:24 -0700
Served asset /jquery_ujs.js - 304 Not Modified (0ms)


Started GET "/assets/jquery.js?body=1" for 10.0.2.2 at 2013-10-06 03:34:24 -0700
Served asset /jquery.js - 304 Not Modified (1ms)


Started GET "/movies?sort=title" for 10.0.2.2 at 2013-10-06 03:36:12 -0700
Processing by MoviesController#index as HTML
  Parameters: {"sort"=>"title"}
  [1m[36mMovie Load (0.4ms)[0m  [1mSELECT "movies".* FROM "movies" ORDER BY title[0m
  Rendered movies/index.html.haml within layouts/application (11.6ms)
Completed 200 OK in 20ms (Views: 15.9ms | ActiveRecord: 0.4ms)


Started GET "/assets/application.css?body=1" for 10.0.2.2 at 2013-10-06 03:36:12 -0700
Served asset /application.css - 304 Not Modified (0ms)


Started GET "/assets/jquery.js?body=1" for 10.0.2.2 at 2013-10-06 03:36:12 -0700
Served asset /jquery.js - 304 Not Modified (1ms)


Started GET "/assets/application.js?body=1" for 10.0.2.2 at 2013-10-06 03:36:12 -0700
Served asset /application.js - 304 Not Modified (1ms)


Started GET "/assets/jquery_ujs.js?body=1" for 10.0.2.2 at 2013-10-06 03:36:12 -0700
Served asset /jquery_ujs.js - 304 Not Modified (0ms)


Started GET "/movies/new" for 10.0.2.2 at 2013-10-06 03:36:16 -0700
Processing by MoviesController#new as HTML
  Rendered movies/new.html.haml within layouts/application (4.1ms)
Completed 200 OK in 8ms (Views: 7.6ms | ActiveRecord: 0.0ms)


Started GET "/assets/application.css?body=1" for 10.0.2.2 at 2013-10-06 03:36:16 -0700
Served asset /application.css - 304 Not Modified (0ms)


Started GET "/assets/jquery.js?body=1" for 10.0.2.2 at 2013-10-06 03:36:16 -0700
Served asset /jquery.js - 304 Not Modified (0ms)


Started GET "/assets/jquery_ujs.js?body=1" for 10.0.2.2 at 2013-10-06 03:36:16 -0700
Served asset /jquery_ujs.js - 304 Not Modified (0ms)


Started GET "/assets/application.js?body=1" for 10.0.2.2 at 2013-10-06 03:36:16 -0700
Served asset /application.js - 304 Not Modified (1ms)


Started GET "/movies" for 10.0.2.2 at 2013-10-06 03:36:20 -0700
Processing by MoviesController#index as HTML
  [1m[35mMovie Load (0.2ms)[0m  SELECT "movies".* FROM "movies" 
  Rendered movies/index.html.haml within layouts/application (3.6ms)
Completed 200 OK in 8ms (Views: 7.1ms | ActiveRecord: 0.2ms)


Started GET "/assets/application.css?body=1" for 10.0.2.2 at 2013-10-06 03:36:20 -0700
Served asset /application.css - 304 Not Modified (0ms)


Started GET "/assets/application.js?body=1" for 10.0.2.2 at 2013-10-06 03:36:20 -0700
Served asset /application.js - 304 Not Modified (1ms)


Started GET "/assets/jquery_ujs.js?body=1" for 10.0.2.2 at 2013-10-06 03:36:20 -0700
Served asset /jquery_ujs.js - 304 Not Modified (0ms)


Started GET "/assets/jquery.js?body=1" for 10.0.2.2 at 2013-10-06 03:36:20 -0700
Served asset /jquery.js - 304 Not Modified (1ms)


Started GET "/movies?sort=title" for 10.0.2.2 at 2013-10-06 03:36:21 -0700
Processing by MoviesController#index as HTML
  Parameters: {"sort"=>"title"}
  [1m[36mMovie Load (0.3ms)[0m  [1mSELECT "movies".* FROM "movies" ORDER BY title[0m
  Rendered movies/index.html.haml within layouts/application (2.6ms)
Completed 200 OK in 7ms (Views: 5.5ms | ActiveRecord: 0.3ms)


Started GET "/assets/jquery.js?body=1" for 10.0.2.2 at 2013-10-06 03:36:21 -0700
Served asset /jquery.js - 304 Not Modified (1ms)


Started GET "/assets/application.css?body=1" for 10.0.2.2 at 2013-10-06 03:36:21 -0700
Served asset /application.css - 304 Not Modified (0ms)


Started GET "/assets/application.js?body=1" for 10.0.2.2 at 2013-10-06 03:36:21 -0700
Served asset /application.js - 304 Not Modified (1ms)


Started GET "/assets/jquery_ujs.js?body=1" for 10.0.2.2 at 2013-10-06 03:36:21 -0700
Served asset /jquery_ujs.js - 304 Not Modified (0ms)


Started GET "/movies?sort=title" for 10.0.2.2 at 2013-10-06 03:37:07 -0700
Processing by MoviesController#index as HTML
  Parameters: {"sort"=>"title"}
  [1m[35mMovie Load (0.3ms)[0m  SELECT "movies".* FROM "movies" 
  Rendered movies/index.html.haml within layouts/application (1.9ms)
Completed 200 OK in 16ms (Views: 5.8ms | ActiveRecord: 0.3ms)


Started GET "/assets/application.css?body=1" for 10.0.2.2 at 2013-10-06 03:37:07 -0700
Served asset /application.css - 304 Not Modified (0ms)


Started GET "/assets/jquery.js?body=1" for 10.0.2.2 at 2013-10-06 03:37:07 -0700
Served asset /jquery.js - 304 Not Modified (7ms)


Started GET "/assets/application.js?body=1" for 10.0.2.2 at 2013-10-06 03:37:07 -0700
Served asset /application.js - 304 Not Modified (0ms)


Started GET "/assets/jquery_ujs.js?body=1" for 10.0.2.2 at 2013-10-06 03:37:07 -0700
Served asset /jquery_ujs.js - 304 Not Modified (0ms)


Started GET "/movies?sort=title" for 10.0.2.2 at 2013-10-06 03:38:07 -0700
Processing by MoviesController#index as HTML
  Parameters: {"sort"=>"title"}
  [1m[36mMovie Load (0.2ms)[0m  [1mSELECT "movies".* FROM "movies" [0m
  Rendered movies/index.html.haml within layouts/application (1.7ms)
Completed 200 OK in 19ms (Views: 6.0ms | ActiveRecord: 0.2ms)


Started GET "/assets/application.css?body=1" for 10.0.2.2 at 2013-10-06 03:38:07 -0700
Served asset /application.css - 304 Not Modified (0ms)


Started GET "/assets/jquery.js?body=1" for 10.0.2.2 at 2013-10-06 03:38:07 -0700
Served asset /jquery.js - 304 Not Modified (1ms)


Started GET "/assets/application.js?body=1" for 10.0.2.2 at 2013-10-06 03:38:07 -0700
Served asset /application.js - 304 Not Modified (0ms)


Started GET "/assets/jquery_ujs.js?body=1" for 10.0.2.2 at 2013-10-06 03:38:07 -0700
Served asset /jquery_ujs.js - 304 Not Modified (0ms)


Started GET "/movies?sort=title" for 10.0.2.2 at 2013-10-06 03:38:08 -0700
Processing by MoviesController#index as HTML
  Parameters: {"sort"=>"title"}
  [1m[35mMovie Load (0.3ms)[0m  SELECT "movies".* FROM "movies" 
  Rendered movies/index.html.haml within layouts/application (2.5ms)
Completed 200 OK in 10ms (Views: 6.9ms | ActiveRecord: 0.3ms)


Started GET "/assets/jquery.js?body=1" for 10.0.2.2 at 2013-10-06 03:38:08 -0700
Served asset /jquery.js - 304 Not Modified (39ms)


Started GET "/assets/application.css?body=1" for 10.0.2.2 at 2013-10-06 03:38:08 -0700
Served asset /application.css - 304 Not Modified (0ms)


Started GET "/assets/application.js?body=1" for 10.0.2.2 at 2013-10-06 03:38:08 -0700
Served asset /application.js - 304 Not Modified (0ms)


Started GET "/assets/jquery_ujs.js?body=1" for 10.0.2.2 at 2013-10-06 03:38:08 -0700
Served asset /jquery_ujs.js - 304 Not Modified (0ms)


Started GET "/movies?sort=title" for 10.0.2.2 at 2013-10-06 03:41:56 -0700
Processing by MoviesController#index as HTML
  Parameters: {"sort"=>"title"}
  [1m[36mMovie Load (0.3ms)[0m  [1mSELECT "movies".* FROM "movies" [0m
  Rendered movies/index.html.haml within layouts/application (2.7ms)
Completed 200 OK in 19ms (Views: 7.4ms | ActiveRecord: 0.3ms)


Started GET "/assets/application.css?body=1" for 10.0.2.2 at 2013-10-06 03:41:56 -0700
Served asset /application.css - 304 Not Modified (0ms)


Started GET "/assets/jquery.js?body=1" for 10.0.2.2 at 2013-10-06 03:41:56 -0700
Served asset /jquery.js - 304 Not Modified (1ms)


Started GET "/assets/application.js?body=1" for 10.0.2.2 at 2013-10-06 03:41:56 -0700
Served asset /application.js - 304 Not Modified (0ms)


Started GET "/assets/jquery_ujs.js?body=1" for 10.0.2.2 at 2013-10-06 03:41:56 -0700
Served asset /jquery_ujs.js - 304 Not Modified (1ms)


Started GET "/movies?sort=title" for 10.0.2.2 at 2013-10-06 03:42:12 -0700
Processing by MoviesController#index as HTML
  Parameters: {"sort"=>"title"}
  [1m[35mMovie Load (0.4ms)[0m  SELECT "movies".* FROM "movies" 
  Rendered movies/index.html.haml within layouts/application (3.9ms)
Completed 200 OK in 28ms (Views: 10.7ms | ActiveRecord: 0.4ms)


Started GET "/assets/jquery.js?body=1" for 10.0.2.2 at 2013-10-06 03:42:12 -0700
Served asset /jquery.js - 304 Not Modified (4ms)


Started GET "/assets/application.css?body=1" for 10.0.2.2 at 2013-10-06 03:42:12 -0700
Served asset /application.css - 304 Not Modified (0ms)


Started GET "/assets/application.js?body=1" for 10.0.2.2 at 2013-10-06 03:42:12 -0700
Served asset /application.js - 304 Not Modified (1ms)


Started GET "/assets/jquery_ujs.js?body=1" for 10.0.2.2 at 2013-10-06 03:42:12 -0700
Served asset /jquery_ujs.js - 304 Not Modified (0ms)


Started GET "/movies?sort=title" for 10.0.2.2 at 2013-10-06 03:42:13 -0700
Processing by MoviesController#index as HTML
  Parameters: {"sort"=>"title"}
  [1m[36mMovie Load (0.2ms)[0m  [1mSELECT "movies".* FROM "movies" [0m
  Rendered movies/index.html.haml within layouts/application (1.8ms)
Completed 200 OK in 9ms (Views: 5.5ms | ActiveRecord: 0.2ms)


Started GET "/assets/application.css?body=1" for 10.0.2.2 at 2013-10-06 03:42:13 -0700
Served asset /application.css - 304 Not Modified (0ms)


Started GET "/assets/jquery.js?body=1" for 10.0.2.2 at 2013-10-06 03:42:13 -0700
Served asset /jquery.js - 304 Not Modified (6ms)


Started GET "/assets/application.js?body=1" for 10.0.2.2 at 2013-10-06 03:42:13 -0700
Served asset /application.js - 304 Not Modified (0ms)


Started GET "/assets/jquery_ujs.js?body=1" for 10.0.2.2 at 2013-10-06 03:42:13 -0700
Served asset /jquery_ujs.js - 304 Not Modified (0ms)


Started GET "/movies?sort=title" for 10.0.2.2 at 2013-10-06 03:42:13 -0700
Processing by MoviesController#index as HTML
  Parameters: {"sort"=>"title"}
  [1m[35mMovie Load (0.3ms)[0m  SELECT "movies".* FROM "movies" 
  Rendered movies/index.html.haml within layouts/application (2.1ms)
Completed 200 OK in 10ms (Views: 6.8ms | ActiveRecord: 0.3ms)


Started GET "/assets/jquery.js?body=1" for 10.0.2.2 at 2013-10-06 03:42:13 -0700
Served asset /jquery.js - 304 Not Modified (4ms)


Started GET "/assets/application.css?body=1" for 10.0.2.2 at 2013-10-06 03:42:13 -0700
Served asset /application.css - 304 Not Modified (0ms)


Started GET "/assets/application.js?body=1" for 10.0.2.2 at 2013-10-06 03:42:13 -0700
Served asset /application.js - 304 Not Modified (0ms)


Started GET "/assets/jquery_ujs.js?body=1" for 10.0.2.2 at 2013-10-06 03:42:13 -0700
Served asset /jquery_ujs.js - 304 Not Modified (0ms)


Started GET "/movies" for 10.0.2.2 at 2013-10-06 03:42:18 -0700
Processing by MoviesController#index as HTML
  [1m[36mMovie Load (0.3ms)[0m  [1mSELECT "movies".* FROM "movies" [0m
  Rendered movies/index.html.haml within layouts/application (2.1ms)
Completed 200 OK in 9ms (Views: 5.2ms | ActiveRecord: 0.3ms)


Started GET "/assets/application.css?body=1" for 10.0.2.2 at 2013-10-06 03:42:18 -0700
Served asset /application.css - 304 Not Modified (0ms)


Started GET "/assets/application.js?body=1" for 10.0.2.2 at 2013-10-06 03:42:18 -0700
Served asset /application.js - 304 Not Modified (1ms)


Started GET "/assets/jquery_ujs.js?body=1" for 10.0.2.2 at 2013-10-06 03:42:18 -0700
Served asset /jquery_ujs.js - 304 Not Modified (0ms)


Started GET "/assets/jquery.js?body=1" for 10.0.2.2 at 2013-10-06 03:42:18 -0700
Served asset /jquery.js - 304 Not Modified (1ms)


Started GET "/movies" for 10.0.2.2 at 2013-10-06 03:43:35 -0700
Processing by MoviesController#index as HTML
Completed 500 Internal Server Error in 2ms

NameError (undefined local variable or method `asdf' for #<MoviesController:0xb3ba8ac>):
  app/controllers/movies_controller.rb:10:in `index'


  Rendered /home/saasbook/.rvm/gems/ruby-1.9.3-p448/gems/actionpack-3.2.14/lib/action_dispatch/middleware/templates/rescues/_trace.erb (1.5ms)
  Rendered /home/saasbook/.rvm/gems/ruby-1.9.3-p448/gems/actionpack-3.2.14/lib/action_dispatch/middleware/templates/rescues/_request_and_response.erb (1.0ms)
  Rendered /home/saasbook/.rvm/gems/ruby-1.9.3-p448/gems/actionpack-3.2.14/lib/action_dispatch/middleware/templates/rescues/diagnostics.erb within rescues/layout (13.0ms)


Started GET "/movies" for 10.0.2.2 at 2013-10-06 03:43:50 -0700
Processing by MoviesController#index as HTML
  [1m[35mMovie Load (0.2ms)[0m  SELECT "movies".* FROM "movies" 
  Rendered movies/index.html.haml within layouts/application (1.6ms)
Completed 200 OK in 17ms (Views: 5.7ms | ActiveRecord: 0.2ms)


Started GET "/assets/application.css?body=1" for 10.0.2.2 at 2013-10-06 03:43:50 -0700
Served asset /application.css - 304 Not Modified (0ms)


Started GET "/assets/jquery.js?body=1" for 10.0.2.2 at 2013-10-06 03:43:50 -0700
Served asset /jquery.js - 304 Not Modified (2ms)


Started GET "/assets/jquery_ujs.js?body=1" for 10.0.2.2 at 2013-10-06 03:43:50 -0700
Served asset /jquery_ujs.js - 304 Not Modified (0ms)


Started GET "/assets/application.js?body=1" for 10.0.2.2 at 2013-10-06 03:43:50 -0700
Served asset /application.js - 304 Not Modified (5ms)


Started GET "/movies?sort=title" for 10.0.2.2 at 2013-10-06 03:43:52 -0700
Processing by MoviesController#index as HTML
  Parameters: {"sort"=>"title"}
  [1m[36mMovie Load (0.2ms)[0m  [1mSELECT "movies".* FROM "movies" [0m
Completed 500 Internal Server Error in 3ms

NameError (undefined local variable or method `asdf' for #<MoviesController:0xb05c28c>):
  app/controllers/movies_controller.rb:12:in `index'


  Rendered /home/saasbook/.rvm/gems/ruby-1.9.3-p448/gems/actionpack-3.2.14/lib/action_dispatch/middleware/templates/rescues/_trace.erb (1.5ms)
  Rendered /home/saasbook/.rvm/gems/ruby-1.9.3-p448/gems/actionpack-3.2.14/lib/action_dispatch/middleware/templates/rescues/_request_and_response.erb (0.3ms)
  Rendered /home/saasbook/.rvm/gems/ruby-1.9.3-p448/gems/actionpack-3.2.14/lib/action_dispatch/middleware/templates/rescues/diagnostics.erb within rescues/layout (12.6ms)


Started GET "/movies?sort=title" for 10.0.2.2 at 2013-10-06 03:44:15 -0700
Processing by MoviesController#index as HTML
  Parameters: {"sort"=>"title"}
  [1m[35mMovie Load (0.3ms)[0m  SELECT "movies".* FROM "movies" 
Completed 500 Internal Server Error in 13ms

NameError (undefined local variable or method `pasdf' for #<MoviesController:0xb1f7c90>):
  app/controllers/movies_controller.rb:11:in `index'


  Rendered /home/saasbook/.rvm/gems/ruby-1.9.3-p448/gems/actionpack-3.2.14/lib/action_dispatch/middleware/templates/rescues/_trace.erb (1.5ms)
  Rendered /home/saasbook/.rvm/gems/ruby-1.9.3-p448/gems/actionpack-3.2.14/lib/action_dispatch/middleware/templates/rescues/_request_and_response.erb (1.0ms)
  Rendered /home/saasbook/.rvm/gems/ruby-1.9.3-p448/gems/actionpack-3.2.14/lib/action_dispatch/middleware/templates/rescues/diagnostics.erb within rescues/layout (11.3ms)


Started GET "/movies" for 10.0.2.2 at 2013-10-06 03:44:24 -0700
Processing by MoviesController#index as HTML
  [1m[36mMovie Load (0.2ms)[0m  [1mSELECT "movies".* FROM "movies" [0m
  Rendered movies/index.html.haml within layouts/application (2.3ms)
Completed 200 OK in 8ms (Views: 6.3ms | ActiveRecord: 0.2ms)


Started GET "/assets/application.css?body=1" for 10.0.2.2 at 2013-10-06 03:44:24 -0700
Served asset /application.css - 304 Not Modified (0ms)


Started GET "/assets/jquery.js?body=1" for 10.0.2.2 at 2013-10-06 03:44:24 -0700
Served asset /jquery.js - 304 Not Modified (0ms)


Started GET "/assets/application.js?body=1" for 10.0.2.2 at 2013-10-06 03:44:24 -0700
Served asset /application.js - 304 Not Modified (38ms)


Started GET "/assets/jquery_ujs.js?body=1" for 10.0.2.2 at 2013-10-06 03:44:24 -0700
Served asset /jquery_ujs.js - 304 Not Modified (0ms)


Started GET "/movies" for 10.0.2.2 at 2013-10-06 03:45:54 -0700
Processing by MoviesController#index as HTML
  [1m[35mMovie Load (0.3ms)[0m  SELECT "movies".* FROM "movies" 
  Rendered movies/index.html.haml within layouts/application (0.5ms)
Completed 200 OK in 16ms (Views: 6.1ms | ActiveRecord: 0.3ms)


Started GET "/assets/jquery.js?body=1" for 10.0.2.2 at 2013-10-06 03:45:54 -0700
Served asset /jquery.js - 304 Not Modified (0ms)


Started GET "/assets/application.css?body=1" for 10.0.2.2 at 2013-10-06 03:45:54 -0700
Served asset /application.css - 304 Not Modified (0ms)


Started GET "/assets/application.js?body=1" for 10.0.2.2 at 2013-10-06 03:45:54 -0700
Served asset /application.js - 304 Not Modified (2ms)


Started GET "/assets/jquery_ujs.js?body=1" for 10.0.2.2 at 2013-10-06 03:45:54 -0700
Served asset /jquery_ujs.js - 304 Not Modified (0ms)


Started GET "/movies?sort=title" for 10.0.2.2 at 2013-10-06 03:45:55 -0700
Processing by MoviesController#index as HTML
  Parameters: {"sort"=>"title"}
  [1m[36mMovie Load (0.2ms)[0m  [1mSELECT "movies".* FROM "movies" [0m
  [1m[35mMovie Load (0.1ms)[0m  SELECT "movies".* FROM "movies" ORDER BY title
  Rendered movies/index.html.haml within layouts/application (2.2ms)
Completed 200 OK in 7ms (Views: 5.6ms | ActiveRecord: 0.4ms)


Started GET "/assets/application.css?body=1" for 10.0.2.2 at 2013-10-06 03:45:55 -0700
Served asset /application.css - 304 Not Modified (0ms)


Started GET "/assets/jquery_ujs.js?body=1" for 10.0.2.2 at 2013-10-06 03:45:55 -0700
Served asset /jquery_ujs.js - 304 Not Modified (0ms)


Started GET "/assets/jquery.js?body=1" for 10.0.2.2 at 2013-10-06 03:45:55 -0700
Served asset /jquery.js - 304 Not Modified (0ms)


Started GET "/assets/application.js?body=1" for 10.0.2.2 at 2013-10-06 03:45:55 -0700
Served asset /application.js - 304 Not Modified (5ms)


Started GET "/movies?sort=title" for 10.0.2.2 at 2013-10-06 03:45:56 -0700
Processing by MoviesController#index as HTML
  Parameters: {"sort"=>"title"}
  [1m[36mMovie Load (0.2ms)[0m  [1mSELECT "movies".* FROM "movies" [0m
  [1m[35mMovie Load (0.1ms)[0m  SELECT "movies".* FROM "movies" ORDER BY title
  Rendered movies/index.html.haml within layouts/application (1.9ms)
Completed 200 OK in 8ms (Views: 5.9ms | ActiveRecord: 0.4ms)


Started GET "/assets/application.css?body=1" for 10.0.2.2 at 2013-10-06 03:45:56 -0700
Served asset /application.css - 304 Not Modified (0ms)


Started GET "/assets/jquery.js?body=1" for 10.0.2.2 at 2013-10-06 03:45:56 -0700
Served asset /jquery.js - 304 Not Modified (1ms)


Started GET "/assets/application.js?body=1" for 10.0.2.2 at 2013-10-06 03:45:56 -0700
Served asset /application.js - 304 Not Modified (0ms)


Started GET "/assets/jquery_ujs.js?body=1" for 10.0.2.2 at 2013-10-06 03:45:56 -0700
Served asset /jquery_ujs.js - 304 Not Modified (0ms)


Started GET "/movies?sort=title" for 10.0.2.2 at 2013-10-06 03:45:56 -0700
Processing by MoviesController#index as HTML
  Parameters: {"sort"=>"title"}
  [1m[36mMovie Load (0.2ms)[0m  [1mSELECT "movies".* FROM "movies" [0m
  [1m[35mMovie Load (0.2ms)[0m  SELECT "movies".* FROM "movies" ORDER BY title
  Rendered movies/index.html.haml within layouts/application (2.2ms)
Completed 200 OK in 9ms (Views: 6.2ms | ActiveRecord: 0.4ms)


Started GET "/assets/application.css?body=1" for 10.0.2.2 at 2013-10-06 03:45:56 -0700
Served asset /application.css - 304 Not Modified (0ms)


Started GET "/assets/application.js?body=1" for 10.0.2.2 at 2013-10-06 03:45:56 -0700
Served asset /application.js - 304 Not Modified (1ms)


Started GET "/assets/jquery_ujs.js?body=1" for 10.0.2.2 at 2013-10-06 03:45:56 -0700
Served asset /jquery_ujs.js - 304 Not Modified (0ms)


Started GET "/assets/jquery.js?body=1" for 10.0.2.2 at 2013-10-06 03:45:56 -0700
Served asset /jquery.js - 304 Not Modified (0ms)


Started GET "/movies?sort=title" for 10.0.2.2 at 2013-10-06 03:45:57 -0700
Processing by MoviesController#index as HTML
  Parameters: {"sort"=>"title"}
  [1m[36mMovie Load (0.2ms)[0m  [1mSELECT "movies".* FROM "movies" [0m
  [1m[35mMovie Load (0.1ms)[0m  SELECT "movies".* FROM "movies" ORDER BY title
  Rendered movies/index.html.haml within layouts/application (2.6ms)
Completed 200 OK in 8ms (Views: 6.3ms | ActiveRecord: 0.4ms)


Started GET "/assets/application.css?body=1" for 10.0.2.2 at 2013-10-06 03:45:57 -0700
Served asset /application.css - 304 Not Modified (0ms)


Started GET "/assets/jquery_ujs.js?body=1" for 10.0.2.2 at 2013-10-06 03:45:57 -0700
Served asset /jquery_ujs.js - 304 Not Modified (0ms)


Started GET "/assets/jquery.js?body=1" for 10.0.2.2 at 2013-10-06 03:45:57 -0700
Served asset /jquery.js - 304 Not Modified (1ms)


Started GET "/assets/application.js?body=1" for 10.0.2.2 at 2013-10-06 03:45:57 -0700
Served asset /application.js - 304 Not Modified (1ms)


Started GET "/movies?sort=title" for 10.0.2.2 at 2013-10-06 03:48:29 -0700
Processing by MoviesController#index as HTML
  Parameters: {"sort"=>"title"}
  [1m[36mMovie Load (0.3ms)[0m  [1mSELECT "movies".* FROM "movies" [0m
Completed 500 Internal Server Error in 10ms

NoMethodError (undefined method `order' for #<Array:0xb9d3f40>):
  app/controllers/movies_controller.rb:11:in `index'


  Rendered /home/saasbook/.rvm/gems/ruby-1.9.3-p448/gems/actionpack-3.2.14/lib/action_dispatch/middleware/templates/rescues/_trace.erb (1.4ms)
  Rendered /home/saasbook/.rvm/gems/ruby-1.9.3-p448/gems/actionpack-3.2.14/lib/action_dispatch/middleware/templates/rescues/_request_and_response.erb (1.1ms)
  Rendered /home/saasbook/.rvm/gems/ruby-1.9.3-p448/gems/actionpack-3.2.14/lib/action_dispatch/middleware/templates/rescues/diagnostics.erb within rescues/layout (10.2ms)


Started GET "/movies?sort=title" for 10.0.2.2 at 2013-10-06 03:48:31 -0700
Processing by MoviesController#index as HTML
  Parameters: {"sort"=>"title"}
  [1m[35mMovie Load (0.2ms)[0m  SELECT "movies".* FROM "movies" 
Completed 500 Internal Server Error in 3ms

NoMethodError (undefined method `order' for #<Array:0xb6fbde0>):
  app/controllers/movies_controller.rb:11:in `index'


  Rendered /home/saasbook/.rvm/gems/ruby-1.9.3-p448/gems/actionpack-3.2.14/lib/action_dispatch/middleware/templates/rescues/_trace.erb (1.3ms)
  Rendered /home/saasbook/.rvm/gems/ruby-1.9.3-p448/gems/actionpack-3.2.14/lib/action_dispatch/middleware/templates/rescues/_request_and_response.erb (0.8ms)
  Rendered /home/saasbook/.rvm/gems/ruby-1.9.3-p448/gems/actionpack-3.2.14/lib/action_dispatch/middleware/templates/rescues/diagnostics.erb within rescues/layout (10.0ms)


Started GET "/movies?sort=title" for 10.0.2.2 at 2013-10-06 03:49:22 -0700
Processing by MoviesController#index as HTML
  Parameters: {"sort"=>"title"}
  [1m[36mMovie Load (0.2ms)[0m  [1mSELECT "movies".* FROM "movies" [0m
  [1m[35mMovie Load (0.3ms)[0m  SELECT "movies".* FROM "movies" ORDER BY title
  Rendered movies/index.html.haml within layouts/application (1.8ms)
Completed 200 OK in 16ms (Views: 5.6ms | ActiveRecord: 0.5ms)


Started GET "/assets/application.css?body=1" for 10.0.2.2 at 2013-10-06 03:49:22 -0700
Served asset /application.css - 304 Not Modified (0ms)


Started GET "/assets/jquery_ujs.js?body=1" for 10.0.2.2 at 2013-10-06 03:49:22 -0700
Served asset /jquery_ujs.js - 304 Not Modified (0ms)


Started GET "/assets/jquery.js?body=1" for 10.0.2.2 at 2013-10-06 03:49:22 -0700
Served asset /jquery.js - 304 Not Modified (1ms)


Started GET "/assets/application.js?body=1" for 10.0.2.2 at 2013-10-06 03:49:22 -0700
Served asset /application.js - 304 Not Modified (0ms)


Started GET "/movies?sort=title" for 10.0.2.2 at 2013-10-06 03:49:26 -0700
Processing by MoviesController#index as HTML
  Parameters: {"sort"=>"title"}
  [1m[36mMovie Load (0.3ms)[0m  [1mSELECT "movies".* FROM "movies" [0m
  [1m[35mMovie Load (0.2ms)[0m  SELECT "movies".* FROM "movies" ORDER BY title
  Rendered movies/index.html.haml within layouts/application (2.3ms)
Completed 200 OK in 8ms (Views: 6.2ms | ActiveRecord: 0.5ms)


Started GET "/assets/application.css?body=1" for 10.0.2.2 at 2013-10-06 03:49:26 -0700
Served asset /application.css - 304 Not Modified (0ms)


Started GET "/assets/application.js?body=1" for 10.0.2.2 at 2013-10-06 03:49:26 -0700
Served asset /application.js - 304 Not Modified (0ms)


Started GET "/assets/jquery_ujs.js?body=1" for 10.0.2.2 at 2013-10-06 03:49:26 -0700
Served asset /jquery_ujs.js - 304 Not Modified (0ms)


Started GET "/assets/jquery.js?body=1" for 10.0.2.2 at 2013-10-06 03:49:26 -0700
Served asset /jquery.js - 304 Not Modified (0ms)


Started GET "/movies?sort=title" for 10.0.2.2 at 2013-10-06 03:49:26 -0700
Processing by MoviesController#index as HTML
  Parameters: {"sort"=>"title"}
  [1m[36mMovie Load (0.2ms)[0m  [1mSELECT "movies".* FROM "movies" [0m
  [1m[35mMovie Load (0.2ms)[0m  SELECT "movies".* FROM "movies" ORDER BY title
  Rendered movies/index.html.haml within layouts/application (1.7ms)
Completed 200 OK in 8ms (Views: 5.7ms | ActiveRecord: 0.4ms)


Started GET "/assets/jquery.js?body=1" for 10.0.2.2 at 2013-10-06 03:49:26 -0700
Served asset /jquery.js - 304 Not Modified (7ms)


Started GET "/assets/application.css?body=1" for 10.0.2.2 at 2013-10-06 03:49:26 -0700
Served asset /application.css - 304 Not Modified (0ms)


Started GET "/assets/jquery_ujs.js?body=1" for 10.0.2.2 at 2013-10-06 03:49:26 -0700
Served asset /jquery_ujs.js - 304 Not Modified (0ms)


Started GET "/assets/application.js?body=1" for 10.0.2.2 at 2013-10-06 03:49:26 -0700
Served asset /application.js - 304 Not Modified (1ms)


Started GET "/movies?sort=title" for 10.0.2.2 at 2013-10-06 03:49:27 -0700
Processing by MoviesController#index as HTML
  Parameters: {"sort"=>"title"}
  [1m[36mMovie Load (0.3ms)[0m  [1mSELECT "movies".* FROM "movies" [0m
  [1m[35mMovie Load (0.2ms)[0m  SELECT "movies".* FROM "movies" ORDER BY title
  Rendered movies/index.html.haml within layouts/application (3.1ms)
Completed 200 OK in 9ms (Views: 6.7ms | ActiveRecord: 0.4ms)


Started GET "/assets/jquery.js?body=1" for 10.0.2.2 at 2013-10-06 03:49:27 -0700
Served asset /jquery.js - 304 Not Modified (0ms)


Started GET "/assets/application.css?body=1" for 10.0.2.2 at 2013-10-06 03:49:27 -0700
Served asset /application.css - 304 Not Modified (0ms)


Started GET "/assets/jquery_ujs.js?body=1" for 10.0.2.2 at 2013-10-06 03:49:27 -0700
Served asset /jquery_ujs.js - 304 Not Modified (0ms)


Started GET "/assets/application.js?body=1" for 10.0.2.2 at 2013-10-06 03:49:27 -0700
Served asset /application.js - 304 Not Modified (1ms)


Started GET "/movies?sort=title" for 10.0.2.2 at 2013-10-06 03:49:27 -0700
Processing by MoviesController#index as HTML
  Parameters: {"sort"=>"title"}
  [1m[36mMovie Load (0.7ms)[0m  [1mSELECT "movies".* FROM "movies" [0m
  [1m[35mMovie Load (0.3ms)[0m  SELECT "movies".* FROM "movies" ORDER BY title
  Rendered movies/index.html.haml within layouts/application (3.0ms)
Completed 200 OK in 10ms (Views: 6.8ms | ActiveRecord: 1.0ms)


Started GET "/assets/application.css?body=1" for 10.0.2.2 at 2013-10-06 03:49:27 -0700
Served asset /application.css - 304 Not Modified (0ms)


Started GET "/assets/jquery_ujs.js?body=1" for 10.0.2.2 at 2013-10-06 03:49:27 -0700
Served asset /jquery_ujs.js - 304 Not Modified (0ms)


Started GET "/assets/jquery.js?body=1" for 10.0.2.2 at 2013-10-06 03:49:27 -0700
Served asset /jquery.js - 304 Not Modified (1ms)


Started GET "/assets/application.js?body=1" for 10.0.2.2 at 2013-10-06 03:49:27 -0700
Served asset /application.js - 304 Not Modified (1ms)


Started GET "/movies?sort=title" for 10.0.2.2 at 2013-10-06 03:50:26 -0700

SyntaxError (/home/saasbook/Gitprojects/cs169/HW2/app/controllers/movies_controller.rb:44: syntax error, unexpected $end, expecting keyword_end):
  activesupport (3.2.14) lib/active_support/dependencies.rb:469:in `load'
  activesupport (3.2.14) lib/active_support/dependencies.rb:469:in `block in load_file'
  activesupport (3.2.14) lib/active_support/dependencies.rb:639:in `new_constants_in'
  activesupport (3.2.14) lib/active_support/dependencies.rb:468:in `load_file'
  activesupport (3.2.14) lib/active_support/dependencies.rb:353:in `require_or_load'
  activesupport (3.2.14) lib/active_support/dependencies.rb:502:in `load_missing_constant'
  activesupport (3.2.14) lib/active_support/dependencies.rb:192:in `block in const_missing'
  activesupport (3.2.14) lib/active_support/dependencies.rb:190:in `each'
  activesupport (3.2.14) lib/active_support/dependencies.rb:190:in `const_missing'
  activesupport (3.2.14) lib/active_support/inflector/methods.rb:230:in `block in constantize'
  activesupport (3.2.14) lib/active_support/inflector/methods.rb:229:in `each'
  activesupport (3.2.14) lib/active_support/inflector/methods.rb:229:in `constantize'
  activesupport (3.2.14) lib/active_support/dependencies.rb:554:in `get'
  actionpack (3.2.14) lib/action_dispatch/routing/route_set.rb:69:in `controller_reference'
  actionpack (3.2.14) lib/action_dispatch/routing/route_set.rb:54:in `controller'
  actionpack (3.2.14) lib/action_dispatch/routing/route_set.rb:32:in `call'
  journey (1.0.4) lib/journey/router.rb:68:in `block in call'
  journey (1.0.4) lib/journey/router.rb:56:in `each'
  journey (1.0.4) lib/journey/router.rb:56:in `call'
  actionpack (3.2.14) lib/action_dispatch/routing/route_set.rb:608:in `call'
  actionpack (3.2.14) lib/action_dispatch/middleware/best_standards_support.rb:17:in `call'
  rack (1.4.5) lib/rack/etag.rb:23:in `call'
  rack (1.4.5) lib/rack/conditionalget.rb:25:in `call'
  actionpack (3.2.14) lib/action_dispatch/middleware/head.rb:14:in `call'
  actionpack (3.2.14) lib/action_dispatch/middleware/params_parser.rb:21:in `call'
  actionpack (3.2.14) lib/action_dispatch/middleware/flash.rb:242:in `call'
  rack (1.4.5) lib/rack/session/abstract/id.rb:210:in `context'
  rack (1.4.5) lib/rack/session/abstract/id.rb:205:in `call'
  actionpack (3.2.14) lib/action_dispatch/middleware/cookies.rb:341:in `call'
  activerecord (3.2.14) lib/active_record/query_cache.rb:64:in `call'
  activerecord (3.2.14) lib/active_record/connection_adapters/abstract/connection_pool.rb:479:in `call'
  actionpack (3.2.14) lib/action_dispatch/middleware/callbacks.rb:28:in `block in call'
  activesupport (3.2.14) lib/active_support/callbacks.rb:405:in `_run__84191478__call__856580634__callbacks'
  activesupport (3.2.14) lib/active_support/callbacks.rb:405:in `__run_callback'
  activesupport (3.2.14) lib/active_support/callbacks.rb:385:in `_run_call_callbacks'
  activesupport (3.2.14) lib/active_support/callbacks.rb:81:in `run_callbacks'
  actionpack (3.2.14) lib/action_dispatch/middleware/callbacks.rb:27:in `call'
  actionpack (3.2.14) lib/action_dispatch/middleware/reloader.rb:65:in `call'
  actionpack (3.2.14) lib/action_dispatch/middleware/remote_ip.rb:31:in `call'
  actionpack (3.2.14) lib/action_dispatch/middleware/debug_exceptions.rb:16:in `call'
  actionpack (3.2.14) lib/action_dispatch/middleware/show_exceptions.rb:56:in `call'
  railties (3.2.14) lib/rails/rack/logger.rb:32:in `call_app'
  railties (3.2.14) lib/rails/rack/logger.rb:16:in `block in call'
  activesupport (3.2.14) lib/active_support/tagged_logging.rb:22:in `tagged'
  railties (3.2.14) lib/rails/rack/logger.rb:16:in `call'
  actionpack (3.2.14) lib/action_dispatch/middleware/request_id.rb:22:in `call'
  rack (1.4.5) lib/rack/methodoverride.rb:21:in `call'
  rack (1.4.5) lib/rack/runtime.rb:17:in `call'
  activesupport (3.2.14) lib/active_support/cache/strategy/local_cache.rb:72:in `call'
  rack (1.4.5) lib/rack/lock.rb:15:in `call'
  actionpack (3.2.14) lib/action_dispatch/middleware/static.rb:63:in `call'
  railties (3.2.14) lib/rails/engine.rb:484:in `call'
  railties (3.2.14) lib/rails/application.rb:231:in `call'
  rack (1.4.5) lib/rack/content_length.rb:14:in `call'
  railties (3.2.14) lib/rails/rack/log_tailer.rb:17:in `call'
  rack (1.4.5) lib/rack/handler/webrick.rb:59:in `service'
  /home/saasbook/.rvm/rubies/ruby-1.9.3-p448/lib/ruby/1.9.1/webrick/httpserver.rb:138:in `service'
  /home/saasbook/.rvm/rubies/ruby-1.9.3-p448/lib/ruby/1.9.1/webrick/httpserver.rb:94:in `run'
  /home/saasbook/.rvm/rubies/ruby-1.9.3-p448/lib/ruby/1.9.1/webrick/server.rb:191:in `block in start_thread'


  Rendered /home/saasbook/.rvm/gems/ruby-1.9.3-p448/gems/actionpack-3.2.14/lib/action_dispatch/middleware/templates/rescues/_trace.erb (1.4ms)
  Rendered /home/saasbook/.rvm/gems/ruby-1.9.3-p448/gems/actionpack-3.2.14/lib/action_dispatch/middleware/templates/rescues/_request_and_response.erb (1.0ms)
  Rendered /home/saasbook/.rvm/gems/ruby-1.9.3-p448/gems/actionpack-3.2.14/lib/action_dispatch/middleware/templates/rescues/diagnostics.erb within rescues/layout (10.5ms)


Started GET "/movies?sort=title" for 10.0.2.2 at 2013-10-06 03:50:49 -0700

SyntaxError (/home/saasbook/Gitprojects/cs169/HW2/app/controllers/movies_controller.rb:44: syntax error, unexpected $end, expecting keyword_end):
  activesupport (3.2.14) lib/active_support/dependencies.rb:469:in `load'
  activesupport (3.2.14) lib/active_support/dependencies.rb:469:in `block in load_file'
  activesupport (3.2.14) lib/active_support/dependencies.rb:639:in `new_constants_in'
  activesupport (3.2.14) lib/active_support/dependencies.rb:468:in `load_file'
  activesupport (3.2.14) lib/active_support/dependencies.rb:353:in `require_or_load'
  activesupport (3.2.14) lib/active_support/dependencies.rb:502:in `load_missing_constant'
  activesupport (3.2.14) lib/active_support/dependencies.rb:192:in `block in const_missing'
  activesupport (3.2.14) lib/active_support/dependencies.rb:190:in `each'
  activesupport (3.2.14) lib/active_support/dependencies.rb:190:in `const_missing'
  activesupport (3.2.14) lib/active_support/inflector/methods.rb:230:in `block in constantize'
  activesupport (3.2.14) lib/active_support/inflector/methods.rb:229:in `each'
  activesupport (3.2.14) lib/active_support/inflector/methods.rb:229:in `constantize'
  activesupport (3.2.14) lib/active_support/dependencies.rb:554:in `get'
  actionpack (3.2.14) lib/action_dispatch/routing/route_set.rb:69:in `controller_reference'
  actionpack (3.2.14) lib/action_dispatch/routing/route_set.rb:54:in `controller'
  actionpack (3.2.14) lib/action_dispatch/routing/route_set.rb:32:in `call'
  journey (1.0.4) lib/journey/router.rb:68:in `block in call'
  journey (1.0.4) lib/journey/router.rb:56:in `each'
  journey (1.0.4) lib/journey/router.rb:56:in `call'
  actionpack (3.2.14) lib/action_dispatch/routing/route_set.rb:608:in `call'
  actionpack (3.2.14) lib/action_dispatch/middleware/best_standards_support.rb:17:in `call'
  rack (1.4.5) lib/rack/etag.rb:23:in `call'
  rack (1.4.5) lib/rack/conditionalget.rb:25:in `call'
  actionpack (3.2.14) lib/action_dispatch/middleware/head.rb:14:in `call'
  actionpack (3.2.14) lib/action_dispatch/middleware/params_parser.rb:21:in `call'
  actionpack (3.2.14) lib/action_dispatch/middleware/flash.rb:242:in `call'
  rack (1.4.5) lib/rack/session/abstract/id.rb:210:in `context'
  rack (1.4.5) lib/rack/session/abstract/id.rb:205:in `call'
  actionpack (3.2.14) lib/action_dispatch/middleware/cookies.rb:341:in `call'
  activerecord (3.2.14) lib/active_record/query_cache.rb:64:in `call'
  activerecord (3.2.14) lib/active_record/connection_adapters/abstract/connection_pool.rb:479:in `call'
  actionpack (3.2.14) lib/action_dispatch/middleware/callbacks.rb:28:in `block in call'
  activesupport (3.2.14) lib/active_support/callbacks.rb:405:in `_run__84191478__call__856580634__callbacks'
  activesupport (3.2.14) lib/active_support/callbacks.rb:405:in `__run_callback'
  activesupport (3.2.14) lib/active_support/callbacks.rb:385:in `_run_call_callbacks'
  activesupport (3.2.14) lib/active_support/callbacks.rb:81:in `run_callbacks'
  actionpack (3.2.14) lib/action_dispatch/middleware/callbacks.rb:27:in `call'
  actionpack (3.2.14) lib/action_dispatch/middleware/reloader.rb:65:in `call'
  actionpack (3.2.14) lib/action_dispatch/middleware/remote_ip.rb:31:in `call'
  actionpack (3.2.14) lib/action_dispatch/middleware/debug_exceptions.rb:16:in `call'
  actionpack (3.2.14) lib/action_dispatch/middleware/show_exceptions.rb:56:in `call'
  railties (3.2.14) lib/rails/rack/logger.rb:32:in `call_app'
  railties (3.2.14) lib/rails/rack/logger.rb:16:in `block in call'
  activesupport (3.2.14) lib/active_support/tagged_logging.rb:22:in `tagged'
  railties (3.2.14) lib/rails/rack/logger.rb:16:in `call'
  actionpack (3.2.14) lib/action_dispatch/middleware/request_id.rb:22:in `call'
  rack (1.4.5) lib/rack/methodoverride.rb:21:in `call'
  rack (1.4.5) lib/rack/runtime.rb:17:in `call'
  activesupport (3.2.14) lib/active_support/cache/strategy/local_cache.rb:72:in `call'
  rack (1.4.5) lib/rack/lock.rb:15:in `call'
  actionpack (3.2.14) lib/action_dispatch/middleware/static.rb:63:in `call'
  railties (3.2.14) lib/rails/engine.rb:484:in `call'
  railties (3.2.14) lib/rails/application.rb:231:in `call'
  rack (1.4.5) lib/rack/content_length.rb:14:in `call'
  railties (3.2.14) lib/rails/rack/log_tailer.rb:17:in `call'
  rack (1.4.5) lib/rack/handler/webrick.rb:59:in `service'
  /home/saasbook/.rvm/rubies/ruby-1.9.3-p448/lib/ruby/1.9.1/webrick/httpserver.rb:138:in `service'
  /home/saasbook/.rvm/rubies/ruby-1.9.3-p448/lib/ruby/1.9.1/webrick/httpserver.rb:94:in `run'
  /home/saasbook/.rvm/rubies/ruby-1.9.3-p448/lib/ruby/1.9.1/webrick/server.rb:191:in `block in start_thread'


  Rendered /home/saasbook/.rvm/gems/ruby-1.9.3-p448/gems/actionpack-3.2.14/lib/action_dispatch/middleware/templates/rescues/_trace.erb (0.9ms)
  Rendered /home/saasbook/.rvm/gems/ruby-1.9.3-p448/gems/actionpack-3.2.14/lib/action_dispatch/middleware/templates/rescues/_request_and_response.erb (1.3ms)
  Rendered /home/saasbook/.rvm/gems/ruby-1.9.3-p448/gems/actionpack-3.2.14/lib/action_dispatch/middleware/templates/rescues/diagnostics.erb within rescues/layout (10.7ms)


Started GET "/movies" for 10.0.2.2 at 2013-10-06 03:50:56 -0700

SyntaxError (/home/saasbook/Gitprojects/cs169/HW2/app/controllers/movies_controller.rb:44: syntax error, unexpected $end, expecting keyword_end):
  activesupport (3.2.14) lib/active_support/dependencies.rb:469:in `load'
  activesupport (3.2.14) lib/active_support/dependencies.rb:469:in `block in load_file'
  activesupport (3.2.14) lib/active_support/dependencies.rb:639:in `new_constants_in'
  activesupport (3.2.14) lib/active_support/dependencies.rb:468:in `load_file'
  activesupport (3.2.14) lib/active_support/dependencies.rb:353:in `require_or_load'
  activesupport (3.2.14) lib/active_support/dependencies.rb:502:in `load_missing_constant'
  activesupport (3.2.14) lib/active_support/dependencies.rb:192:in `block in const_missing'
  activesupport (3.2.14) lib/active_support/dependencies.rb:190:in `each'
  activesupport (3.2.14) lib/active_support/dependencies.rb:190:in `const_missing'
  activesupport (3.2.14) lib/active_support/inflector/methods.rb:230:in `block in constantize'
  activesupport (3.2.14) lib/active_support/inflector/methods.rb:229:in `each'
  activesupport (3.2.14) lib/active_support/inflector/methods.rb:229:in `constantize'
  activesupport (3.2.14) lib/active_support/dependencies.rb:554:in `get'
  actionpack (3.2.14) lib/action_dispatch/routing/route_set.rb:69:in `controller_reference'
  actionpack (3.2.14) lib/action_dispatch/routing/route_set.rb:54:in `controller'
  actionpack (3.2.14) lib/action_dispatch/routing/route_set.rb:32:in `call'
  journey (1.0.4) lib/journey/router.rb:68:in `block in call'
  journey (1.0.4) lib/journey/router.rb:56:in `each'
  journey (1.0.4) lib/journey/router.rb:56:in `call'
  actionpack (3.2.14) lib/action_dispatch/routing/route_set.rb:608:in `call'
  actionpack (3.2.14) lib/action_dispatch/middleware/best_standards_support.rb:17:in `call'
  rack (1.4.5) lib/rack/etag.rb:23:in `call'
  rack (1.4.5) lib/rack/conditionalget.rb:25:in `call'
  actionpack (3.2.14) lib/action_dispatch/middleware/head.rb:14:in `call'
  actionpack (3.2.14) lib/action_dispatch/middleware/params_parser.rb:21:in `call'
  actionpack (3.2.14) lib/action_dispatch/middleware/flash.rb:242:in `call'
  rack (1.4.5) lib/rack/session/abstract/id.rb:210:in `context'
  rack (1.4.5) lib/rack/session/abstract/id.rb:205:in `call'
  actionpack (3.2.14) lib/action_dispatch/middleware/cookies.rb:341:in `call'
  activerecord (3.2.14) lib/active_record/query_cache.rb:64:in `call'
  activerecord (3.2.14) lib/active_record/connection_adapters/abstract/connection_pool.rb:479:in `call'
  actionpack (3.2.14) lib/action_dispatch/middleware/callbacks.rb:28:in `block in call'
  activesupport (3.2.14) lib/active_support/callbacks.rb:405:in `_run__84191478__call__856580634__callbacks'
  activesupport (3.2.14) lib/active_support/callbacks.rb:405:in `__run_callback'
  activesupport (3.2.14) lib/active_support/callbacks.rb:385:in `_run_call_callbacks'
  activesupport (3.2.14) lib/active_support/callbacks.rb:81:in `run_callbacks'
  actionpack (3.2.14) lib/action_dispatch/middleware/callbacks.rb:27:in `call'
  actionpack (3.2.14) lib/action_dispatch/middleware/reloader.rb:65:in `call'
  actionpack (3.2.14) lib/action_dispatch/middleware/remote_ip.rb:31:in `call'
  actionpack (3.2.14) lib/action_dispatch/middleware/debug_exceptions.rb:16:in `call'
  actionpack (3.2.14) lib/action_dispatch/middleware/show_exceptions.rb:56:in `call'
  railties (3.2.14) lib/rails/rack/logger.rb:32:in `call_app'
  railties (3.2.14) lib/rails/rack/logger.rb:16:in `block in call'
  activesupport (3.2.14) lib/active_support/tagged_logging.rb:22:in `tagged'
  railties (3.2.14) lib/rails/rack/logger.rb:16:in `call'
  actionpack (3.2.14) lib/action_dispatch/middleware/request_id.rb:22:in `call'
  rack (1.4.5) lib/rack/methodoverride.rb:21:in `call'
  rack (1.4.5) lib/rack/runtime.rb:17:in `call'
  activesupport (3.2.14) lib/active_support/cache/strategy/local_cache.rb:72:in `call'
  rack (1.4.5) lib/rack/lock.rb:15:in `call'
  actionpack (3.2.14) lib/action_dispatch/middleware/static.rb:63:in `call'
  railties (3.2.14) lib/rails/engine.rb:484:in `call'
  railties (3.2.14) lib/rails/application.rb:231:in `call'
  rack (1.4.5) lib/rack/content_length.rb:14:in `call'
  railties (3.2.14) lib/rails/rack/log_tailer.rb:17:in `call'
  rack (1.4.5) lib/rack/handler/webrick.rb:59:in `service'
  /home/saasbook/.rvm/rubies/ruby-1.9.3-p448/lib/ruby/1.9.1/webrick/httpserver.rb:138:in `service'
  /home/saasbook/.rvm/rubies/ruby-1.9.3-p448/lib/ruby/1.9.1/webrick/httpserver.rb:94:in `run'
  /home/saasbook/.rvm/rubies/ruby-1.9.3-p448/lib/ruby/1.9.1/webrick/server.rb:191:in `block in start_thread'


  Rendered /home/saasbook/.rvm/gems/ruby-1.9.3-p448/gems/actionpack-3.2.14/lib/action_dispatch/middleware/templates/rescues/_trace.erb (1.6ms)
  Rendered /home/saasbook/.rvm/gems/ruby-1.9.3-p448/gems/actionpack-3.2.14/lib/action_dispatch/middleware/templates/rescues/_request_and_response.erb (1.1ms)
  Rendered /home/saasbook/.rvm/gems/ruby-1.9.3-p448/gems/actionpack-3.2.14/lib/action_dispatch/middleware/templates/rescues/diagnostics.erb within rescues/layout (10.2ms)


Started GET "/movies" for 10.0.2.2 at 2013-10-06 03:51:08 -0700
Processing by MoviesController#index as HTML
  [1m[36mMovie Load (0.2ms)[0m  [1mSELECT "movies".* FROM "movies" [0m
  Rendered movies/index.html.haml within layouts/application (1.7ms)
Completed 200 OK in 54ms (Views: 6.4ms | ActiveRecord: 0.2ms)


Started GET "/assets/application.css?body=1" for 10.0.2.2 at 2013-10-06 03:51:09 -0700
Served asset /application.css - 304 Not Modified (0ms)


Started GET "/assets/application.js?body=1" for 10.0.2.2 at 2013-10-06 03:51:09 -0700
Served asset /application.js - 304 Not Modified (1ms)


Started GET "/assets/jquery_ujs.js?body=1" for 10.0.2.2 at 2013-10-06 03:51:09 -0700
Served asset /jquery_ujs.js - 304 Not Modified (0ms)


Started GET "/assets/jquery.js?body=1" for 10.0.2.2 at 2013-10-06 03:51:09 -0700
Served asset /jquery.js - 304 Not Modified (0ms)


Started GET "/movies?sort=title" for 10.0.2.2 at 2013-10-06 03:51:10 -0700
Processing by MoviesController#index as HTML
  Parameters: {"sort"=>"title"}
  [1m[35mMovie Load (0.3ms)[0m  SELECT "movies".* FROM "movies" ORDER BY title
  Rendered movies/index.html.haml within layouts/application (1.5ms)
Completed 200 OK in 7ms (Views: 6.1ms | ActiveRecord: 0.3ms)


Started GET "/assets/application.css?body=1" for 10.0.2.2 at 2013-10-06 03:51:10 -0700
Served asset /application.css - 304 Not Modified (0ms)


Started GET "/assets/application.js?body=1" for 10.0.2.2 at 2013-10-06 03:51:10 -0700
Served asset /application.js - 304 Not Modified (8ms)


Started GET "/assets/jquery_ujs.js?body=1" for 10.0.2.2 at 2013-10-06 03:51:10 -0700
Served asset /jquery_ujs.js - 304 Not Modified (0ms)


Started GET "/assets/jquery.js?body=1" for 10.0.2.2 at 2013-10-06 03:51:10 -0700
Served asset /jquery.js - 304 Not Modified (1ms)


Started GET "/movies?sort=title" for 10.0.2.2 at 2013-10-06 03:51:11 -0700
Processing by MoviesController#index as HTML
  Parameters: {"sort"=>"title"}
  [1m[36mMovie Load (0.3ms)[0m  [1mSELECT "movies".* FROM "movies" ORDER BY title[0m
  Rendered movies/index.html.haml within layouts/application (2.4ms)
Completed 200 OK in 9ms (Views: 7.6ms | ActiveRecord: 0.3ms)


Started GET "/assets/jquery.js?body=1" for 10.0.2.2 at 2013-10-06 03:51:11 -0700
Served asset /jquery.js - 304 Not Modified (4ms)


Started GET "/assets/application.css?body=1" for 10.0.2.2 at 2013-10-06 03:51:11 -0700
Served asset /application.css - 304 Not Modified (0ms)


Started GET "/assets/application.js?body=1" for 10.0.2.2 at 2013-10-06 03:51:11 -0700
Served asset /application.js - 304 Not Modified (1ms)


Started GET "/assets/jquery_ujs.js?body=1" for 10.0.2.2 at 2013-10-06 03:51:11 -0700
Served asset /jquery_ujs.js - 304 Not Modified (0ms)


Started GET "/movies?sort=title" for 10.0.2.2 at 2013-10-06 03:51:11 -0700
Processing by MoviesController#index as HTML
  Parameters: {"sort"=>"title"}
  [1m[35mMovie Load (0.4ms)[0m  SELECT "movies".* FROM "movies" ORDER BY title
  Rendered movies/index.html.haml within layouts/application (1.9ms)
Completed 200 OK in 6ms (Views: 4.9ms | ActiveRecord: 0.4ms)


Started GET "/assets/application.css?body=1" for 10.0.2.2 at 2013-10-06 03:51:11 -0700
Served asset /application.css - 304 Not Modified (0ms)


Started GET "/assets/jquery.js?body=1" for 10.0.2.2 at 2013-10-06 03:51:11 -0700
Served asset /jquery.js - 304 Not Modified (0ms)


Started GET "/assets/jquery_ujs.js?body=1" for 10.0.2.2 at 2013-10-06 03:51:11 -0700
Served asset /jquery_ujs.js - 304 Not Modified (0ms)


Started GET "/assets/application.js?body=1" for 10.0.2.2 at 2013-10-06 03:51:11 -0700
Served asset /application.js - 304 Not Modified (1ms)


Started GET "/movies?sort=title" for 10.0.2.2 at 2013-10-06 03:51:11 -0700
Processing by MoviesController#index as HTML
  Parameters: {"sort"=>"title"}
  [1m[36mMovie Load (0.3ms)[0m  [1mSELECT "movies".* FROM "movies" ORDER BY title[0m
  Rendered movies/index.html.haml within layouts/application (2.1ms)
Completed 200 OK in 8ms (Views: 6.4ms | ActiveRecord: 0.3ms)


Started GET "/assets/jquery.js?body=1" for 10.0.2.2 at 2013-10-06 03:51:11 -0700
Served asset /jquery.js - 304 Not Modified (0ms)


Started GET "/assets/application.css?body=1" for 10.0.2.2 at 2013-10-06 03:51:11 -0700
Served asset /application.css - 304 Not Modified (0ms)


Started GET "/assets/jquery_ujs.js?body=1" for 10.0.2.2 at 2013-10-06 03:51:11 -0700
Served asset /jquery_ujs.js - 304 Not Modified (0ms)


Started GET "/assets/application.js?body=1" for 10.0.2.2 at 2013-10-06 03:51:11 -0700
Served asset /application.js - 304 Not Modified (0ms)


Started GET "/movies?sort=title" for 10.0.2.2 at 2013-10-06 03:53:38 -0700
Processing by MoviesController#index as HTML
  Parameters: {"sort"=>"title"}
  [1m[35mMovie Load (0.5ms)[0m  SELECT "movies".* FROM "movies" ORDER BY title
  Rendered movies/index.html.haml within layouts/application (13.5ms)
Completed 200 OK in 19ms (Views: 17.3ms | ActiveRecord: 0.5ms)


Started GET "/assets/application.css?body=1" for 10.0.2.2 at 2013-10-06 03:53:38 -0700
Served asset /application.css - 304 Not Modified (0ms)


Started GET "/assets/jquery.js?body=1" for 10.0.2.2 at 2013-10-06 03:53:38 -0700
Served asset /jquery.js - 304 Not Modified (1ms)


Started GET "/assets/jquery_ujs.js?body=1" for 10.0.2.2 at 2013-10-06 03:53:38 -0700
Served asset /jquery_ujs.js - 304 Not Modified (0ms)


Started GET "/assets/application.js?body=1" for 10.0.2.2 at 2013-10-06 03:53:38 -0700
Served asset /application.js - 304 Not Modified (1ms)


Started GET "/movies?sort=title" for 10.0.2.2 at 2013-10-06 03:53:38 -0700
Processing by MoviesController#index as HTML
  Parameters: {"sort"=>"title"}
  [1m[36mMovie Load (0.3ms)[0m  [1mSELECT "movies".* FROM "movies" ORDER BY title[0m
  Rendered movies/index.html.haml within layouts/application (3.8ms)
Completed 200 OK in 9ms (Views: 8.0ms | ActiveRecord: 0.3ms)


Started GET "/assets/application.css?body=1" for 10.0.2.2 at 2013-10-06 03:53:39 -0700
Served asset /application.css - 304 Not Modified (0ms)


Started GET "/assets/jquery.js?body=1" for 10.0.2.2 at 2013-10-06 03:53:39 -0700
Served asset /jquery.js - 304 Not Modified (0ms)


Started GET "/assets/application.js?body=1" for 10.0.2.2 at 2013-10-06 03:53:39 -0700
Served asset /application.js - 304 Not Modified (1ms)


Started GET "/assets/jquery_ujs.js?body=1" for 10.0.2.2 at 2013-10-06 03:53:39 -0700
Served asset /jquery_ujs.js - 304 Not Modified (0ms)


Started GET "/movies?sort=title" for 10.0.2.2 at 2013-10-06 03:53:39 -0700
Processing by MoviesController#index as HTML
  Parameters: {"sort"=>"title"}
  [1m[35mMovie Load (0.2ms)[0m  SELECT "movies".* FROM "movies" ORDER BY title
  Rendered movies/index.html.haml within layouts/application (2.6ms)
Completed 200 OK in 7ms (Views: 6.4ms | ActiveRecord: 0.2ms)


Started GET "/assets/application.css?body=1" for 10.0.2.2 at 2013-10-06 03:53:39 -0700
Served asset /application.css - 304 Not Modified (0ms)


Started GET "/assets/jquery.js?body=1" for 10.0.2.2 at 2013-10-06 03:53:39 -0700
Served asset /jquery.js - 304 Not Modified (0ms)


Started GET "/assets/application.js?body=1" for 10.0.2.2 at 2013-10-06 03:53:39 -0700
Served asset /application.js - 304 Not Modified (1ms)


Started GET "/assets/jquery_ujs.js?body=1" for 10.0.2.2 at 2013-10-06 03:53:39 -0700
Served asset /jquery_ujs.js - 304 Not Modified (0ms)


Started GET "/movies?sort=title" for 10.0.2.2 at 2013-10-06 03:53:39 -0700
Processing by MoviesController#index as HTML
  Parameters: {"sort"=>"title"}
  [1m[36mMovie Load (0.3ms)[0m  [1mSELECT "movies".* FROM "movies" ORDER BY title[0m
  Rendered movies/index.html.haml within layouts/application (3.8ms)
Completed 200 OK in 8ms (Views: 7.3ms | ActiveRecord: 0.3ms)


Started GET "/assets/application.css?body=1" for 10.0.2.2 at 2013-10-06 03:53:39 -0700
Served asset /application.css - 304 Not Modified (0ms)


Started GET "/assets/jquery.js?body=1" for 10.0.2.2 at 2013-10-06 03:53:39 -0700
Served asset /jquery.js - 304 Not Modified (0ms)


Started GET "/assets/application.js?body=1" for 10.0.2.2 at 2013-10-06 03:53:39 -0700
Served asset /application.js - 304 Not Modified (1ms)


Started GET "/assets/jquery_ujs.js?body=1" for 10.0.2.2 at 2013-10-06 03:53:39 -0700
Served asset /jquery_ujs.js - 304 Not Modified (0ms)


Started GET "/movies?sort=title" for 10.0.2.2 at 2013-10-06 03:53:39 -0700
Processing by MoviesController#index as HTML
  Parameters: {"sort"=>"title"}
  [1m[35mMovie Load (0.4ms)[0m  SELECT "movies".* FROM "movies" ORDER BY title
  Rendered movies/index.html.haml within layouts/application (4.4ms)
Completed 200 OK in 10ms (Views: 9.5ms | ActiveRecord: 0.4ms)


Started GET "/assets/application.css?body=1" for 10.0.2.2 at 2013-10-06 03:53:39 -0700
Served asset /application.css - 304 Not Modified (0ms)


Started GET "/assets/jquery.js?body=1" for 10.0.2.2 at 2013-10-06 03:53:39 -0700
Served asset /jquery.js - 304 Not Modified (0ms)


Started GET "/assets/application.js?body=1" for 10.0.2.2 at 2013-10-06 03:53:39 -0700
Served asset /application.js - 304 Not Modified (3ms)


Started GET "/assets/jquery_ujs.js?body=1" for 10.0.2.2 at 2013-10-06 03:53:39 -0700
Served asset /jquery_ujs.js - 304 Not Modified (0ms)


Started GET "/movies" for 10.0.2.2 at 2013-10-06 03:53:43 -0700
Processing by MoviesController#index as HTML
  [1m[36mMovie Load (0.3ms)[0m  [1mSELECT "movies".* FROM "movies" [0m
  Rendered movies/index.html.haml within layouts/application (2.4ms)
Completed 200 OK in 8ms (Views: 6.9ms | ActiveRecord: 0.3ms)


Started GET "/assets/application.css?body=1" for 10.0.2.2 at 2013-10-06 03:53:43 -0700
Served asset /application.css - 304 Not Modified (0ms)


Started GET "/assets/jquery.js?body=1" for 10.0.2.2 at 2013-10-06 03:53:43 -0700
Served asset /jquery.js - 304 Not Modified (2ms)


Started GET "/assets/application.js?body=1" for 10.0.2.2 at 2013-10-06 03:53:43 -0700
Served asset /application.js - 304 Not Modified (1ms)


Started GET "/assets/jquery_ujs.js?body=1" for 10.0.2.2 at 2013-10-06 03:53:43 -0700
Served asset /jquery_ujs.js - 304 Not Modified (0ms)


Started GET "/movies" for 10.0.2.2 at 2013-10-06 03:54:20 -0700
Processing by MoviesController#index as HTML
  [1m[35mMovie Load (0.3ms)[0m  SELECT "movies".* FROM "movies" 
  Rendered movies/index.html.haml within layouts/application (2.1ms)
Completed 200 OK in 16ms (Views: 6.3ms | ActiveRecord: 0.3ms)


Started GET "/assets/application.css?body=1" for 10.0.2.2 at 2013-10-06 03:54:20 -0700
Served asset /application.css - 304 Not Modified (0ms)


Started GET "/assets/jquery.js?body=1" for 10.0.2.2 at 2013-10-06 03:54:20 -0700
Served asset /jquery.js - 304 Not Modified (0ms)


Started GET "/assets/application.js?body=1" for 10.0.2.2 at 2013-10-06 03:54:20 -0700
Served asset /application.js - 304 Not Modified (0ms)


Started GET "/assets/jquery_ujs.js?body=1" for 10.0.2.2 at 2013-10-06 03:54:20 -0700
Served asset /jquery_ujs.js - 304 Not Modified (0ms)


Started GET "/movies?sort=title" for 10.0.2.2 at 2013-10-06 03:54:21 -0700
Processing by MoviesController#index as HTML
  Parameters: {"sort"=>"title"}
  Rendered movies/index.html.haml within layouts/application (32.4ms)
Completed 500 Internal Server Error in 34ms

ActionView::Template::Error (undefined method `title' for "asdf":String):
    11:   %tbody
    12:     - @movies.each do |movie|
    13:       %tr
    14:         %td= movie.title 
    15:         %td= movie.rating
    16:         %td= movie.release_date
    17:         %td= link_to "More about #{movie.title}", movie_path(movie)
  app/views/movies/index.html.haml:14:in `block in _app_views_movies_index_html_haml___215478858_97378530'
  app/views/movies/index.html.haml:12:in `each'
  app/views/movies/index.html.haml:12:in `_app_views_movies_index_html_haml___215478858_97378530'


  Rendered /home/saasbook/.rvm/gems/ruby-1.9.3-p448/gems/actionpack-3.2.14/lib/action_dispatch/middleware/templates/rescues/_trace.erb (1.4ms)
  Rendered /home/saasbook/.rvm/gems/ruby-1.9.3-p448/gems/actionpack-3.2.14/lib/action_dispatch/middleware/templates/rescues/_request_and_response.erb (1.5ms)
  Rendered /home/saasbook/.rvm/gems/ruby-1.9.3-p448/gems/actionpack-3.2.14/lib/action_dispatch/middleware/templates/rescues/template_error.erb within rescues/layout (11.5ms)


Started GET "/movies?sort=title" for 10.0.2.2 at 2013-10-06 03:54:39 -0700
Processing by MoviesController#index as HTML
  Parameters: {"sort"=>"title"}
  Rendered movies/index.html.haml within layouts/application (1.1ms)
Completed 500 Internal Server Error in 3ms

ActionView::Template::Error (undefined method `each' for #<Class:0xa4d1318>):
    9:       %th Release Date
    10:       %th More Info
    11:   %tbody
    12:     - @movies.each do |movie|
    13:       %tr
    14:         %td= movie.title 
    15:         %td= movie.rating
  app/views/movies/index.html.haml:12:in `_app_views_movies_index_html_haml___215478858_97378530'


  Rendered /home/saasbook/.rvm/gems/ruby-1.9.3-p448/gems/actionpack-3.2.14/lib/action_dispatch/middleware/templates/rescues/_trace.erb (1.4ms)
  Rendered /home/saasbook/.rvm/gems/ruby-1.9.3-p448/gems/actionpack-3.2.14/lib/action_dispatch/middleware/templates/rescues/_request_and_response.erb (2.2ms)
  Rendered /home/saasbook/.rvm/gems/ruby-1.9.3-p448/gems/actionpack-3.2.14/lib/action_dispatch/middleware/templates/rescues/template_error.erb within rescues/layout (9.8ms)


Started GET "/movies?sort=title" for 10.0.2.2 at 2013-10-06 03:54:40 -0700
Processing by MoviesController#index as HTML
  Parameters: {"sort"=>"title"}
  Rendered movies/index.html.haml within layouts/application (0.9ms)
Completed 500 Internal Server Error in 3ms

ActionView::Template::Error (undefined method `each' for #<Class:0xa4d1318>):
    9:       %th Release Date
    10:       %th More Info
    11:   %tbody
    12:     - @movies.each do |movie|
    13:       %tr
    14:         %td= movie.title 
    15:         %td= movie.rating
  app/views/movies/index.html.haml:12:in `_app_views_movies_index_html_haml___215478858_97378530'


  Rendered /home/saasbook/.rvm/gems/ruby-1.9.3-p448/gems/actionpack-3.2.14/lib/action_dispatch/middleware/templates/rescues/_trace.erb (1.5ms)
  Rendered /home/saasbook/.rvm/gems/ruby-1.9.3-p448/gems/actionpack-3.2.14/lib/action_dispatch/middleware/templates/rescues/_request_and_response.erb (1.2ms)
  Rendered /home/saasbook/.rvm/gems/ruby-1.9.3-p448/gems/actionpack-3.2.14/lib/action_dispatch/middleware/templates/rescues/template_error.erb within rescues/layout (10.1ms)


Started GET "/movies?sort=title" for 10.0.2.2 at 2013-10-06 03:56:13 -0700
Processing by MoviesController#index as HTML
  Parameters: {"sort"=>"title"}
  [1m[36mMovie Load (0.3ms)[0m  [1mSELECT "movies".* FROM "movies" ORDER BY title[0m
  Rendered movies/index.html.haml within layouts/application (10.8ms)
Completed 200 OK in 16ms (Views: 13.8ms | ActiveRecord: 0.3ms)


Started GET "/assets/application.css?body=1" for 10.0.2.2 at 2013-10-06 03:56:13 -0700
Served asset /application.css - 304 Not Modified (0ms)


Started GET "/assets/application.js?body=1" for 10.0.2.2 at 2013-10-06 03:56:13 -0700
Served asset /application.js - 304 Not Modified (2ms)


Started GET "/assets/jquery_ujs.js?body=1" for 10.0.2.2 at 2013-10-06 03:56:13 -0700
Served asset /jquery_ujs.js - 304 Not Modified (0ms)


Started GET "/assets/jquery.js?body=1" for 10.0.2.2 at 2013-10-06 03:56:13 -0700
Served asset /jquery.js - 304 Not Modified (1ms)


Started GET "/movies/new" for 10.0.2.2 at 2013-10-06 03:56:19 -0700
Processing by MoviesController#new as HTML
  Rendered movies/new.html.haml within layouts/application (5.1ms)
Completed 200 OK in 9ms (Views: 8.5ms | ActiveRecord: 0.0ms)


Started GET "/assets/application.css?body=1" for 10.0.2.2 at 2013-10-06 03:56:19 -0700
Served asset /application.css - 304 Not Modified (0ms)


Started GET "/assets/application.js?body=1" for 10.0.2.2 at 2013-10-06 03:56:19 -0700
Served asset /application.js - 304 Not Modified (1ms)


Started GET "/assets/jquery_ujs.js?body=1" for 10.0.2.2 at 2013-10-06 03:56:19 -0700
Served asset /jquery_ujs.js - 304 Not Modified (0ms)


Started GET "/assets/jquery.js?body=1" for 10.0.2.2 at 2013-10-06 03:56:19 -0700
Served asset /jquery.js - 304 Not Modified (0ms)


Started POST "/movies" for 10.0.2.2 at 2013-10-06 03:56:22 -0700
Processing by MoviesController#create as HTML
  Parameters: {"utf8"=>"✓", "authenticity_token"=>"XH7Ywqa+EDQ/OrTRHfmB1ZYaPZXql1Rw9qEGhjYqzTU=", "movie"=>{"title"=>"gggg", "rating"=>"G", "release_date(1i)"=>"2013", "release_date(2i)"=>"10", "release_date(3i)"=>"6"}, "commit"=>"Save Changes"}
  [1m[35m (0.2ms)[0m  begin transaction
  [1m[36mSQL (0.6ms)[0m  [1mINSERT INTO "movies" ("created_at", "description", "rating", "release_date", "title", "updated_at") VALUES (?, ?, ?, ?, ?, ?)[0m  [["created_at", Sun, 06 Oct 2013 10:56:22 UTC +00:00], ["description", nil], ["rating", "G"], ["release_date", Sun, 06 Oct 2013 00:00:00 UTC +00:00], ["title", "gggg"], ["updated_at", Sun, 06 Oct 2013 10:56:22 UTC +00:00]]
  [1m[35m (27.1ms)[0m  commit transaction
Redirected to http://localhost:3021/movies
Completed 302 Found in 33ms (ActiveRecord: 27.9ms)


Started GET "/movies" for 10.0.2.2 at 2013-10-06 03:56:22 -0700
Processing by MoviesController#index as HTML
  [1m[36mMovie Load (0.3ms)[0m  [1mSELECT "movies".* FROM "movies" [0m
  Rendered movies/index.html.haml within layouts/application (1.9ms)
Completed 200 OK in 7ms (Views: 4.9ms | ActiveRecord: 0.3ms)


Started GET "/assets/application.css?body=1" for 10.0.2.2 at 2013-10-06 03:56:22 -0700
Served asset /application.css - 304 Not Modified (0ms)


Started GET "/assets/application.js?body=1" for 10.0.2.2 at 2013-10-06 03:56:22 -0700
Served asset /application.js - 304 Not Modified (5ms)


Started GET "/assets/jquery_ujs.js?body=1" for 10.0.2.2 at 2013-10-06 03:56:22 -0700
Served asset /jquery_ujs.js - 304 Not Modified (0ms)


Started GET "/assets/jquery.js?body=1" for 10.0.2.2 at 2013-10-06 03:56:22 -0700
Served asset /jquery.js - 304 Not Modified (0ms)


Started GET "/movies?sort=title" for 10.0.2.2 at 2013-10-06 03:56:26 -0700
Processing by MoviesController#index as HTML
  Parameters: {"sort"=>"title"}
  [1m[35mMovie Load (0.3ms)[0m  SELECT "movies".* FROM "movies" ORDER BY title
  Rendered movies/index.html.haml within layouts/application (3.5ms)
Completed 200 OK in 7ms (Views: 6.4ms | ActiveRecord: 0.3ms)


Started GET "/assets/application.css?body=1" for 10.0.2.2 at 2013-10-06 03:56:26 -0700
Served asset /application.css - 304 Not Modified (0ms)


Started GET "/assets/application.js?body=1" for 10.0.2.2 at 2013-10-06 03:56:26 -0700
Served asset /application.js - 304 Not Modified (3ms)


Started GET "/assets/jquery.js?body=1" for 10.0.2.2 at 2013-10-06 03:56:26 -0700
Served asset /jquery.js - 304 Not Modified (0ms)


Started GET "/assets/jquery_ujs.js?body=1" for 10.0.2.2 at 2013-10-06 03:56:26 -0700
Served asset /jquery_ujs.js - 304 Not Modified (0ms)


Started GET "/movies" for 10.0.2.2 at 2013-10-06 03:56:32 -0700
Processing by MoviesController#index as HTML
  [1m[36mMovie Load (0.3ms)[0m  [1mSELECT "movies".* FROM "movies" [0m
  Rendered movies/index.html.haml within layouts/application (3.2ms)
Completed 200 OK in 10ms (Views: 9.1ms | ActiveRecord: 0.3ms)


Started GET "/assets/application.css?body=1" for 10.0.2.2 at 2013-10-06 03:56:32 -0700
Served asset /application.css - 304 Not Modified (0ms)


Started GET "/assets/jquery_ujs.js?body=1" for 10.0.2.2 at 2013-10-06 03:56:32 -0700
Served asset /jquery_ujs.js - 304 Not Modified (0ms)


Started GET "/assets/application.js?body=1" for 10.0.2.2 at 2013-10-06 03:56:32 -0700
Served asset /application.js - 304 Not Modified (0ms)


Started GET "/assets/jquery.js?body=1" for 10.0.2.2 at 2013-10-06 03:56:33 -0700
Served asset /jquery.js - 304 Not Modified (0ms)
